<html>
<head>
<title>TestNG:  TestPackage</title>
<link href="../testng.css" rel="stylesheet" type="text/css" />
<link href="../my-testng.css" rel="stylesheet" type="text/css" />

<style type="text/css">
.log { display: none;} 
.stack-trace { display: none;} 
</style>
<script type="text/javascript">
<!--
function flip(e) {
  current = e.style.display;
  if (current == 'block') {
    e.style.display = 'none';
    return 0;
  }
  else {
    e.style.display = 'block';
    return 1;
  }
}

function toggleBox(szDivId, elem, msg1, msg2)
{
  var res = -1;  if (document.getElementById) {
    res = flip(document.getElementById(szDivId));
  }
  else if (document.all) {
    // this is the way old msie versions work
    res = flip(document.all[szDivId]);
  }
  if(elem) {
    if(res == 0) elem.innerHTML = msg1; else elem.innerHTML = msg2;
  }

}

function toggleAllBoxes() {
  if (document.getElementsByTagName) {
    d = document.getElementsByTagName('div');
    for (i = 0; i < d.length; i++) {
      if (d[i].className == 'log') {
        flip(d[i]);
      }
    }
  }
}

// -->
</script>

</head>
<body>
<h2 align='center'>TestPackage</h2><table border='1' align="center">
<tr>
<td>Tests passed/Failed/Skipped:</td><td>72/8/4</td>
</tr><tr>
<td>Started on:</td><td>Sat Dec 04 07:47:13 IST 2021</td>
</tr>
<tr><td>Total time:</td><td>27 seconds (27343 ms)</td>
</tr><tr>
<td>Included groups:</td><td></td>
</tr><tr>
<td>Excluded groups:</td><td></td>
</tr>
</table><p/>
<small><i>(Hover the method name to see the test class name)</i></small><p/>
<table width='100%' border='1' class='invocation-failed'>
<tr><td colspan='4' align='center'><b>FAILED CONFIGURATIONS</b></td></tr>
<tr><td><b>Test method</b></td>
<td width="30%"><b>Exception</b></td>
<td width="10%"><b>Time (seconds)</b></td>
<td><b>Instance</b></td>
</tr>
<tr>
<td title='com.atipune.testngframe.basics.TestNGAssert.openBrowser()'><b>openBrowser</b><br>Test class: com.atipune.testngframe.basics.TestNGAssert</td>
<td><div><pre>java.lang.IllegalStateException: The driver executable does not exist: D:\Sep_Mrng_2021_JavaAutomation\TestNGFramework\drivers\chromedriver.exe
	at com.google.common.base.Preconditions.checkState(Preconditions.java:585)
	at org.openqa.selenium.remote.service.DriverService.checkExecutable(DriverService.java:146)
	at org.openqa.selenium.remote.service.DriverService.findExecutable(DriverService.java:141)
	at org.openqa.selenium.chrome.ChromeDriverService.access$000(ChromeDriverService.java:35)
	at org.openqa.selenium.chrome.ChromeDriverService$Builder.findDefaultExecutable(ChromeDriverService.java:159)
	at org.openqa.selenium.remote.service.DriverService$Builder.build(DriverService.java:355)
	at org.openqa.selenium.chrome.ChromeDriverService.createDefaultService(ChromeDriverService.java:94)
	at org.openqa.selenium.chrome.ChromeDriver.&lt;init&gt;(ChromeDriver.java:123)
	at com.atipune.testngframe.basics.TestNGAssert.openBrowser(TestNGAssert.java:21)
	at java.util.ArrayList.forEach(ArrayList.java:1259)
... Removed 31 stack frames</pre></div><a href='#' onClick='toggleBox("stack-trace426019904", this, "Click to show all stack frames", "Click to hide stack frames")'>Click to show all stack frames</a>
<div class='stack-trace' id='stack-trace426019904'><pre>java.lang.IllegalStateException: The driver executable does not exist: D:\Sep_Mrng_2021_JavaAutomation\TestNGFramework\drivers\chromedriver.exe
	at com.google.common.base.Preconditions.checkState(Preconditions.java:585)
	at org.openqa.selenium.remote.service.DriverService.checkExecutable(DriverService.java:146)
	at org.openqa.selenium.remote.service.DriverService.findExecutable(DriverService.java:141)
	at org.openqa.selenium.chrome.ChromeDriverService.access$000(ChromeDriverService.java:35)
	at org.openqa.selenium.chrome.ChromeDriverService$Builder.findDefaultExecutable(ChromeDriverService.java:159)
	at org.openqa.selenium.remote.service.DriverService$Builder.build(DriverService.java:355)
	at org.openqa.selenium.chrome.ChromeDriverService.createDefaultService(ChromeDriverService.java:94)
	at org.openqa.selenium.chrome.ChromeDriver.&lt;init&gt;(ChromeDriver.java:123)
	at com.atipune.testngframe.basics.TestNGAssert.openBrowser(TestNGAssert.java:21)
	at sun.reflect.NativeMethodAccessorImpl.invoke0(Native Method)
	at sun.reflect.NativeMethodAccessorImpl.invoke(NativeMethodAccessorImpl.java:62)
	at sun.reflect.DelegatingMethodAccessorImpl.invoke(DelegatingMethodAccessorImpl.java:43)
	at java.lang.reflect.Method.invoke(Method.java:498)
	at org.testng.internal.MethodInvocationHelper.invokeMethod(MethodInvocationHelper.java:133)
	at org.testng.internal.MethodInvocationHelper.invokeMethodConsideringTimeout(MethodInvocationHelper.java:62)
	at org.testng.internal.ConfigInvoker.invokeConfigurationMethod(ConfigInvoker.java:385)
	at org.testng.internal.ConfigInvoker.invokeConfigurations(ConfigInvoker.java:321)
	at org.testng.internal.TestInvoker.runConfigMethods(TestInvoker.java:700)
	at org.testng.internal.TestInvoker.invokeMethod(TestInvoker.java:527)
	at org.testng.internal.TestInvoker.invokeTestMethod(TestInvoker.java:173)
	at org.testng.internal.MethodRunner.runInSequence(MethodRunner.java:46)
	at org.testng.internal.TestInvoker$MethodInvocationAgent.invoke(TestInvoker.java:824)
	at org.testng.internal.TestInvoker.invokeTestMethods(TestInvoker.java:146)
	at org.testng.internal.TestMethodWorker.invokeTestMethods(TestMethodWorker.java:146)
	at org.testng.internal.TestMethodWorker.run(TestMethodWorker.java:128)
	at java.util.ArrayList.forEach(ArrayList.java:1259)
	at org.testng.TestRunner.privateRun(TestRunner.java:794)
	at org.testng.TestRunner.run(TestRunner.java:596)
	at org.testng.SuiteRunner.runTest(SuiteRunner.java:377)
	at org.testng.SuiteRunner.runSequentially(SuiteRunner.java:371)
	at org.testng.SuiteRunner.privateRun(SuiteRunner.java:332)
	at org.testng.SuiteRunner.run(SuiteRunner.java:276)
	at org.testng.SuiteRunnerWorker.runSuite(SuiteRunnerWorker.java:53)
	at org.testng.SuiteRunnerWorker.run(SuiteRunnerWorker.java:96)
	at org.testng.TestNG.runSuitesSequentially(TestNG.java:1212)
	at org.testng.TestNG.runSuitesLocally(TestNG.java:1134)
	at org.testng.TestNG.runSuites(TestNG.java:1063)
	at org.testng.TestNG.run(TestNG.java:1031)
	at org.testng.remote.AbstractRemoteTestNG.run(AbstractRemoteTestNG.java:115)
	at org.testng.remote.RemoteTestNG.initAndRun(RemoteTestNG.java:251)
	at org.testng.remote.RemoteTestNG.main(RemoteTestNG.java:77)
</pre></div></td>
<td>0</td>
<td>com.atipune.testngframe.basics.TestNGAssert@69b0fd6f</td></tr>
</table><p>
<table width='100%' border='1' class='invocation-skipped'>
<tr><td colspan='4' align='center'><b>SKIPPED CONFIGURATIONS</b></td></tr>
<tr><td><b>Test method</b></td>
<td width="30%"><b>Exception</b></td>
<td width="10%"><b>Time (seconds)</b></td>
<td><b>Instance</b></td>
</tr>
<tr>
<td title='com.atipune.testngframe.basics.TestNGAssert.closeBrowser()'><b>closeBrowser</b><br>Test class: com.atipune.testngframe.basics.TestNGAssert</td>
<td></td>
<td>-1638584260</td>
<td>com.atipune.testngframe.basics.TestNGAssert@69b0fd6f</td></tr>
<tr>
<td title='com.atipune.testngframe.basics.TestNGAssert.closeBrowser()'><b>closeBrowser</b><br>Test class: com.atipune.testngframe.basics.TestNGAssert</td>
<td></td>
<td>-1638584260</td>
<td>com.atipune.testngframe.basics.TestNGAssert@69b0fd6f</td></tr>
<tr>
<td title='com.atipune.testngframe.basics.TestNGAssert.openBrowser()'><b>openBrowser</b><br>Test class: com.atipune.testngframe.basics.TestNGAssert</td>
<td></td>
<td>-1638584260</td>
<td>com.atipune.testngframe.basics.TestNGAssert@69b0fd6f</td></tr>
<tr>
<td title='com.atipune.testngframe.basics.TestNGAssert.closeBrowser()'><b>closeBrowser</b><br>Test class: com.atipune.testngframe.basics.TestNGAssert</td>
<td></td>
<td>-1638584260</td>
<td>com.atipune.testngframe.basics.TestNGAssert@69b0fd6f</td></tr>
<tr>
<td title='com.atipune.testngframe.basics.TestNGAssert.openBrowser()'><b>openBrowser</b><br>Test class: com.atipune.testngframe.basics.TestNGAssert</td>
<td></td>
<td>-1638584260</td>
<td>com.atipune.testngframe.basics.TestNGAssert@69b0fd6f</td></tr>
</table><p>
<table width='100%' border='1' class='invocation-failed'>
<tr><td colspan='4' align='center'><b>FAILED TESTS</b></td></tr>
<tr><td><b>Test method</b></td>
<td width="30%"><b>Exception</b></td>
<td width="10%"><b>Time (seconds)</b></td>
<td><b>Instance</b></td>
</tr>
<tr>
<td title='com.atipune.testngframe.basics.Example_ofdependsmethos2.login()'><b>login</b><br>Test class: com.atipune.testngframe.basics.Example_ofdependsmethos2<br/>
<a href="#Output-838812606" onClick='toggleBox("Output-838812606", this, "Show output", "Hide output");'>Show output</a>

<a href="#Output-838812606" onClick="toggleAllBoxes();">Show all outputs</a>
<div class='log' id="Output-838812606">
testcase login<br/>
</div>
</td>
<td><div><pre>java.lang.AssertionError
	at org.junit.Assert.fail(Assert.java:86)
	at org.junit.Assert.fail(Assert.java:95)
	at com.atipune.testngframe.basics.Example_ofdependsmethos2.login(Example_ofdependsmethos2.java:15)
	at java.util.ArrayList.forEach(ArrayList.java:1259)
... Removed 27 stack frames</pre></div><a href='#' onClick='toggleBox("stack-trace838812606", this, "Click to show all stack frames", "Click to hide stack frames")'>Click to show all stack frames</a>
<div class='stack-trace' id='stack-trace838812606'><pre>java.lang.AssertionError
	at org.junit.Assert.fail(Assert.java:86)
	at org.junit.Assert.fail(Assert.java:95)
	at com.atipune.testngframe.basics.Example_ofdependsmethos2.login(Example_ofdependsmethos2.java:15)
	at sun.reflect.NativeMethodAccessorImpl.invoke0(Native Method)
	at sun.reflect.NativeMethodAccessorImpl.invoke(NativeMethodAccessorImpl.java:62)
	at sun.reflect.DelegatingMethodAccessorImpl.invoke(DelegatingMethodAccessorImpl.java:43)
	at java.lang.reflect.Method.invoke(Method.java:498)
	at org.testng.internal.MethodInvocationHelper.invokeMethod(MethodInvocationHelper.java:133)
	at org.testng.internal.TestInvoker.invokeMethod(TestInvoker.java:598)
	at org.testng.internal.TestInvoker.invokeTestMethod(TestInvoker.java:173)
	at org.testng.internal.MethodRunner.runInSequence(MethodRunner.java:46)
	at org.testng.internal.TestInvoker$MethodInvocationAgent.invoke(TestInvoker.java:824)
	at org.testng.internal.TestInvoker.invokeTestMethods(TestInvoker.java:146)
	at org.testng.internal.TestMethodWorker.invokeTestMethods(TestMethodWorker.java:146)
	at org.testng.internal.TestMethodWorker.run(TestMethodWorker.java:128)
	at java.util.ArrayList.forEach(ArrayList.java:1259)
	at org.testng.TestRunner.privateRun(TestRunner.java:794)
	at org.testng.TestRunner.run(TestRunner.java:596)
	at org.testng.SuiteRunner.runTest(SuiteRunner.java:377)
	at org.testng.SuiteRunner.runSequentially(SuiteRunner.java:371)
	at org.testng.SuiteRunner.privateRun(SuiteRunner.java:332)
	at org.testng.SuiteRunner.run(SuiteRunner.java:276)
	at org.testng.SuiteRunnerWorker.runSuite(SuiteRunnerWorker.java:53)
	at org.testng.SuiteRunnerWorker.run(SuiteRunnerWorker.java:96)
	at org.testng.TestNG.runSuitesSequentially(TestNG.java:1212)
	at org.testng.TestNG.runSuitesLocally(TestNG.java:1134)
	at org.testng.TestNG.runSuites(TestNG.java:1063)
	at org.testng.TestNG.run(TestNG.java:1031)
	at org.testng.remote.AbstractRemoteTestNG.run(AbstractRemoteTestNG.java:115)
	at org.testng.remote.RemoteTestNG.initAndRun(RemoteTestNG.java:251)
	at org.testng.remote.RemoteTestNG.main(RemoteTestNG.java:77)
</pre></div></td>
<td>0</td>
<td>com.atipune.testngframe.basics.Example_ofdependsmethos2@612fc6eb</td></tr>
<tr>
<td title='com.atipune.testngframe.basics.assert_trueexample.testcase()'><b>testcase</b><br>Test class: com.atipune.testngframe.basics.assert_trueexample</td>
<td><div><pre>java.lang.AssertionError: actual result is false expected [false] but found [true]
	at com.atipune.testngframe.basics.assert_trueexample.testcase(assert_trueexample.java:14)
	at java.util.ArrayList.forEach(ArrayList.java:1259)
... Removed 30 stack frames</pre></div><a href='#' onClick='toggleBox("stack-trace157168588", this, "Click to show all stack frames", "Click to hide stack frames")'>Click to show all stack frames</a>
<div class='stack-trace' id='stack-trace157168588'><pre>java.lang.AssertionError: actual result is false expected [false] but found [true]
	at org.testng.Assert.fail(Assert.java:99)
	at org.testng.Assert.failNotEquals(Assert.java:1037)
	at org.testng.Assert.assertFalse(Assert.java:67)
	at com.atipune.testngframe.basics.assert_trueexample.testcase(assert_trueexample.java:14)
	at sun.reflect.NativeMethodAccessorImpl.invoke0(Native Method)
	at sun.reflect.NativeMethodAccessorImpl.invoke(NativeMethodAccessorImpl.java:62)
	at sun.reflect.DelegatingMethodAccessorImpl.invoke(DelegatingMethodAccessorImpl.java:43)
	at java.lang.reflect.Method.invoke(Method.java:498)
	at org.testng.internal.MethodInvocationHelper.invokeMethod(MethodInvocationHelper.java:133)
	at org.testng.internal.TestInvoker.invokeMethod(TestInvoker.java:598)
	at org.testng.internal.TestInvoker.invokeTestMethod(TestInvoker.java:173)
	at org.testng.internal.MethodRunner.runInSequence(MethodRunner.java:46)
	at org.testng.internal.TestInvoker$MethodInvocationAgent.invoke(TestInvoker.java:824)
	at org.testng.internal.TestInvoker.invokeTestMethods(TestInvoker.java:146)
	at org.testng.internal.TestMethodWorker.invokeTestMethods(TestMethodWorker.java:146)
	at org.testng.internal.TestMethodWorker.run(TestMethodWorker.java:128)
	at java.util.ArrayList.forEach(ArrayList.java:1259)
	at org.testng.TestRunner.privateRun(TestRunner.java:794)
	at org.testng.TestRunner.run(TestRunner.java:596)
	at org.testng.SuiteRunner.runTest(SuiteRunner.java:377)
	at org.testng.SuiteRunner.runSequentially(SuiteRunner.java:371)
	at org.testng.SuiteRunner.privateRun(SuiteRunner.java:332)
	at org.testng.SuiteRunner.run(SuiteRunner.java:276)
	at org.testng.SuiteRunnerWorker.runSuite(SuiteRunnerWorker.java:53)
	at org.testng.SuiteRunnerWorker.run(SuiteRunnerWorker.java:96)
	at org.testng.TestNG.runSuitesSequentially(TestNG.java:1212)
	at org.testng.TestNG.runSuitesLocally(TestNG.java:1134)
	at org.testng.TestNG.runSuites(TestNG.java:1063)
	at org.testng.TestNG.run(TestNG.java:1031)
	at org.testng.remote.AbstractRemoteTestNG.run(AbstractRemoteTestNG.java:115)
	at org.testng.remote.RemoteTestNG.initAndRun(RemoteTestNG.java:251)
	at org.testng.remote.RemoteTestNG.main(RemoteTestNG.java:77)
</pre></div></td>
<td>0</td>
<td>com.atipune.testngframe.basics.assert_trueexample@371a67ec</td></tr>
<tr>
<td title='com.atipune.testngframe.basics.Disable_TCExcution_FromClassFromSuite.TC3()'><b>TC3</b><br>Test class: com.atipune.testngframe.basics.Disable_TCExcution_FromClassFromSuite<br/>
<a href="#Output-384617262" onClick='toggleBox("Output-384617262", this, "Show output", "Hide output");'>Show output</a>

<a href="#Output-384617262" onClick="toggleAllBoxes();">Show all outputs</a>
<div class='log' id="Output-384617262">
running TC3,true<br/>
</div>
</td>
<td><div><pre>java.lang.AssertionError: null
	at com.atipune.testngframe.basics.Disable_TCExcution_FromClassFromSuite.TC3(Disable_TCExcution_FromClassFromSuite.java:24)
	at java.util.ArrayList.forEach(ArrayList.java:1259)
... Removed 29 stack frames</pre></div><a href='#' onClick='toggleBox("stack-trace384617262", this, "Click to show all stack frames", "Click to hide stack frames")'>Click to show all stack frames</a>
<div class='stack-trace' id='stack-trace384617262'><pre>java.lang.AssertionError: null
	at org.testng.Assert.fail(Assert.java:99)
	at org.testng.Assert.fail(Assert.java:106)
	at com.atipune.testngframe.basics.Disable_TCExcution_FromClassFromSuite.TC3(Disable_TCExcution_FromClassFromSuite.java:24)
	at sun.reflect.NativeMethodAccessorImpl.invoke0(Native Method)
	at sun.reflect.NativeMethodAccessorImpl.invoke(NativeMethodAccessorImpl.java:62)
	at sun.reflect.DelegatingMethodAccessorImpl.invoke(DelegatingMethodAccessorImpl.java:43)
	at java.lang.reflect.Method.invoke(Method.java:498)
	at org.testng.internal.MethodInvocationHelper.invokeMethod(MethodInvocationHelper.java:133)
	at org.testng.internal.TestInvoker.invokeMethod(TestInvoker.java:598)
	at org.testng.internal.TestInvoker.invokeTestMethod(TestInvoker.java:173)
	at org.testng.internal.MethodRunner.runInSequence(MethodRunner.java:46)
	at org.testng.internal.TestInvoker$MethodInvocationAgent.invoke(TestInvoker.java:824)
	at org.testng.internal.TestInvoker.invokeTestMethods(TestInvoker.java:146)
	at org.testng.internal.TestMethodWorker.invokeTestMethods(TestMethodWorker.java:146)
	at org.testng.internal.TestMethodWorker.run(TestMethodWorker.java:128)
	at java.util.ArrayList.forEach(ArrayList.java:1259)
	at org.testng.TestRunner.privateRun(TestRunner.java:794)
	at org.testng.TestRunner.run(TestRunner.java:596)
	at org.testng.SuiteRunner.runTest(SuiteRunner.java:377)
	at org.testng.SuiteRunner.runSequentially(SuiteRunner.java:371)
	at org.testng.SuiteRunner.privateRun(SuiteRunner.java:332)
	at org.testng.SuiteRunner.run(SuiteRunner.java:276)
	at org.testng.SuiteRunnerWorker.runSuite(SuiteRunnerWorker.java:53)
	at org.testng.SuiteRunnerWorker.run(SuiteRunnerWorker.java:96)
	at org.testng.TestNG.runSuitesSequentially(TestNG.java:1212)
	at org.testng.TestNG.runSuitesLocally(TestNG.java:1134)
	at org.testng.TestNG.runSuites(TestNG.java:1063)
	at org.testng.TestNG.run(TestNG.java:1031)
	at org.testng.remote.AbstractRemoteTestNG.run(AbstractRemoteTestNG.java:115)
	at org.testng.remote.RemoteTestNG.initAndRun(RemoteTestNG.java:251)
	at org.testng.remote.RemoteTestNG.main(RemoteTestNG.java:77)
</pre></div></td>
<td>0</td>
<td>com.atipune.testngframe.basics.Disable_TCExcution_FromClassFromSuite@1e7c7811</td></tr>
<tr>
<td title='com.atipune.testngframe.basics.Failedtestcase.TC1()'><b>TC1</b><br>Test class: com.atipune.testngframe.basics.Failedtestcase<br/>
<a href="#Output-1611370719" onClick='toggleBox("Output-1611370719", this, "Show output", "Hide output");'>Show output</a>

<a href="#Output-1611370719" onClick="toggleAllBoxes();">Show all outputs</a>
<div class='log' id="Output-1611370719">
running TC1,true<br/>
</div>
</td>
<td><div><pre>java.lang.AssertionError: null
	at com.atipune.testngframe.basics.Failedtestcase.TC1(Failedtestcase.java:16)
	at java.util.ArrayList.forEach(ArrayList.java:1259)
... Removed 29 stack frames</pre></div><a href='#' onClick='toggleBox("stack-trace1611370719", this, "Click to show all stack frames", "Click to hide stack frames")'>Click to show all stack frames</a>
<div class='stack-trace' id='stack-trace1611370719'><pre>java.lang.AssertionError: null
	at org.testng.Assert.fail(Assert.java:99)
	at org.testng.Assert.fail(Assert.java:106)
	at com.atipune.testngframe.basics.Failedtestcase.TC1(Failedtestcase.java:16)
	at sun.reflect.NativeMethodAccessorImpl.invoke0(Native Method)
	at sun.reflect.NativeMethodAccessorImpl.invoke(NativeMethodAccessorImpl.java:62)
	at sun.reflect.DelegatingMethodAccessorImpl.invoke(DelegatingMethodAccessorImpl.java:43)
	at java.lang.reflect.Method.invoke(Method.java:498)
	at org.testng.internal.MethodInvocationHelper.invokeMethod(MethodInvocationHelper.java:133)
	at org.testng.internal.TestInvoker.invokeMethod(TestInvoker.java:598)
	at org.testng.internal.TestInvoker.invokeTestMethod(TestInvoker.java:173)
	at org.testng.internal.MethodRunner.runInSequence(MethodRunner.java:46)
	at org.testng.internal.TestInvoker$MethodInvocationAgent.invoke(TestInvoker.java:824)
	at org.testng.internal.TestInvoker.invokeTestMethods(TestInvoker.java:146)
	at org.testng.internal.TestMethodWorker.invokeTestMethods(TestMethodWorker.java:146)
	at org.testng.internal.TestMethodWorker.run(TestMethodWorker.java:128)
	at java.util.ArrayList.forEach(ArrayList.java:1259)
	at org.testng.TestRunner.privateRun(TestRunner.java:794)
	at org.testng.TestRunner.run(TestRunner.java:596)
	at org.testng.SuiteRunner.runTest(SuiteRunner.java:377)
	at org.testng.SuiteRunner.runSequentially(SuiteRunner.java:371)
	at org.testng.SuiteRunner.privateRun(SuiteRunner.java:332)
	at org.testng.SuiteRunner.run(SuiteRunner.java:276)
	at org.testng.SuiteRunnerWorker.runSuite(SuiteRunnerWorker.java:53)
	at org.testng.SuiteRunnerWorker.run(SuiteRunnerWorker.java:96)
	at org.testng.TestNG.runSuitesSequentially(TestNG.java:1212)
	at org.testng.TestNG.runSuitesLocally(TestNG.java:1134)
	at org.testng.TestNG.runSuites(TestNG.java:1063)
	at org.testng.TestNG.run(TestNG.java:1031)
	at org.testng.remote.AbstractRemoteTestNG.run(AbstractRemoteTestNG.java:115)
	at org.testng.remote.RemoteTestNG.initAndRun(RemoteTestNG.java:251)
	at org.testng.remote.RemoteTestNG.main(RemoteTestNG.java:77)
</pre></div></td>
<td>0</td>
<td>com.atipune.testngframe.basics.Failedtestcase@11758f2a</td></tr>
<tr>
<td title='com.atipune.testngframe.basics.Assert_Test.verifyhomepage()'><b>verifyhomepage</b><br>Test class: com.atipune.testngframe.basics.Assert_Test</td>
<td><div><pre>java.lang.AssertionError: expected [hiii] but found [hello]
	at com.atipune.testngframe.basics.Assert_Test.verifyhomepage(Assert_Test.java:34)
	at java.util.ArrayList.forEach(ArrayList.java:1259)
... Removed 33 stack frames</pre></div><a href='#' onClick='toggleBox("stack-trace1111613684", this, "Click to show all stack frames", "Click to hide stack frames")'>Click to show all stack frames</a>
<div class='stack-trace' id='stack-trace1111613684'><pre>java.lang.AssertionError: expected [hiii] but found [hello]
	at org.testng.Assert.fail(Assert.java:99)
	at org.testng.Assert.failNotEquals(Assert.java:1037)
	at org.testng.Assert.assertEqualsImpl(Assert.java:140)
	at org.testng.Assert.assertEquals(Assert.java:122)
	at org.testng.Assert.assertEquals(Assert.java:629)
	at org.testng.Assert.assertEquals(Assert.java:639)
	at com.atipune.testngframe.basics.Assert_Test.verifyhomepage(Assert_Test.java:34)
	at sun.reflect.NativeMethodAccessorImpl.invoke0(Native Method)
	at sun.reflect.NativeMethodAccessorImpl.invoke(NativeMethodAccessorImpl.java:62)
	at sun.reflect.DelegatingMethodAccessorImpl.invoke(DelegatingMethodAccessorImpl.java:43)
	at java.lang.reflect.Method.invoke(Method.java:498)
	at org.testng.internal.MethodInvocationHelper.invokeMethod(MethodInvocationHelper.java:133)
	at org.testng.internal.TestInvoker.invokeMethod(TestInvoker.java:598)
	at org.testng.internal.TestInvoker.invokeTestMethod(TestInvoker.java:173)
	at org.testng.internal.MethodRunner.runInSequence(MethodRunner.java:46)
	at org.testng.internal.TestInvoker$MethodInvocationAgent.invoke(TestInvoker.java:824)
	at org.testng.internal.TestInvoker.invokeTestMethods(TestInvoker.java:146)
	at org.testng.internal.TestMethodWorker.invokeTestMethods(TestMethodWorker.java:146)
	at org.testng.internal.TestMethodWorker.run(TestMethodWorker.java:128)
	at java.util.ArrayList.forEach(ArrayList.java:1259)
	at org.testng.TestRunner.privateRun(TestRunner.java:794)
	at org.testng.TestRunner.run(TestRunner.java:596)
	at org.testng.SuiteRunner.runTest(SuiteRunner.java:377)
	at org.testng.SuiteRunner.runSequentially(SuiteRunner.java:371)
	at org.testng.SuiteRunner.privateRun(SuiteRunner.java:332)
	at org.testng.SuiteRunner.run(SuiteRunner.java:276)
	at org.testng.SuiteRunnerWorker.runSuite(SuiteRunnerWorker.java:53)
	at org.testng.SuiteRunnerWorker.run(SuiteRunnerWorker.java:96)
	at org.testng.TestNG.runSuitesSequentially(TestNG.java:1212)
	at org.testng.TestNG.runSuitesLocally(TestNG.java:1134)
	at org.testng.TestNG.runSuites(TestNG.java:1063)
	at org.testng.TestNG.run(TestNG.java:1031)
	at org.testng.remote.AbstractRemoteTestNG.run(AbstractRemoteTestNG.java:115)
	at org.testng.remote.RemoteTestNG.initAndRun(RemoteTestNG.java:251)
	at org.testng.remote.RemoteTestNG.main(RemoteTestNG.java:77)
</pre></div></td>
<td>0</td>
<td>com.atipune.testngframe.basics.Assert_Test@13c27452</td></tr>
<tr>
<td title='com.atipune.testngframe.basics.Disable_TCExcution_FromClassFromExcludeSuite.TC1()'><b>TC1</b><br>Test class: com.atipune.testngframe.basics.Disable_TCExcution_FromClassFromExcludeSuite<br/>
<a href="#Output-1513867245" onClick='toggleBox("Output-1513867245", this, "Show output", "Hide output");'>Show output</a>

<a href="#Output-1513867245" onClick="toggleAllBoxes();">Show all outputs</a>
<div class='log' id="Output-1513867245">
running TC1,true<br/>
</div>
</td>
<td><div><pre>java.lang.AssertionError: null
	at com.atipune.testngframe.basics.Disable_TCExcution_FromClassFromExcludeSuite.TC1(Disable_TCExcution_FromClassFromExcludeSuite.java:13)
	at java.util.ArrayList.forEach(ArrayList.java:1259)
... Removed 29 stack frames</pre></div><a href='#' onClick='toggleBox("stack-trace1513867245", this, "Click to show all stack frames", "Click to hide stack frames")'>Click to show all stack frames</a>
<div class='stack-trace' id='stack-trace1513867245'><pre>java.lang.AssertionError: null
	at org.testng.Assert.fail(Assert.java:99)
	at org.testng.Assert.fail(Assert.java:106)
	at com.atipune.testngframe.basics.Disable_TCExcution_FromClassFromExcludeSuite.TC1(Disable_TCExcution_FromClassFromExcludeSuite.java:13)
	at sun.reflect.NativeMethodAccessorImpl.invoke0(Native Method)
	at sun.reflect.NativeMethodAccessorImpl.invoke(NativeMethodAccessorImpl.java:62)
	at sun.reflect.DelegatingMethodAccessorImpl.invoke(DelegatingMethodAccessorImpl.java:43)
	at java.lang.reflect.Method.invoke(Method.java:498)
	at org.testng.internal.MethodInvocationHelper.invokeMethod(MethodInvocationHelper.java:133)
	at org.testng.internal.TestInvoker.invokeMethod(TestInvoker.java:598)
	at org.testng.internal.TestInvoker.invokeTestMethod(TestInvoker.java:173)
	at org.testng.internal.MethodRunner.runInSequence(MethodRunner.java:46)
	at org.testng.internal.TestInvoker$MethodInvocationAgent.invoke(TestInvoker.java:824)
	at org.testng.internal.TestInvoker.invokeTestMethods(TestInvoker.java:146)
	at org.testng.internal.TestMethodWorker.invokeTestMethods(TestMethodWorker.java:146)
	at org.testng.internal.TestMethodWorker.run(TestMethodWorker.java:128)
	at java.util.ArrayList.forEach(ArrayList.java:1259)
	at org.testng.TestRunner.privateRun(TestRunner.java:794)
	at org.testng.TestRunner.run(TestRunner.java:596)
	at org.testng.SuiteRunner.runTest(SuiteRunner.java:377)
	at org.testng.SuiteRunner.runSequentially(SuiteRunner.java:371)
	at org.testng.SuiteRunner.privateRun(SuiteRunner.java:332)
	at org.testng.SuiteRunner.run(SuiteRunner.java:276)
	at org.testng.SuiteRunnerWorker.runSuite(SuiteRunnerWorker.java:53)
	at org.testng.SuiteRunnerWorker.run(SuiteRunnerWorker.java:96)
	at org.testng.TestNG.runSuitesSequentially(TestNG.java:1212)
	at org.testng.TestNG.runSuitesLocally(TestNG.java:1134)
	at org.testng.TestNG.runSuites(TestNG.java:1063)
	at org.testng.TestNG.run(TestNG.java:1031)
	at org.testng.remote.AbstractRemoteTestNG.run(AbstractRemoteTestNG.java:115)
	at org.testng.remote.RemoteTestNG.initAndRun(RemoteTestNG.java:251)
	at org.testng.remote.RemoteTestNG.main(RemoteTestNG.java:77)
</pre></div></td>
<td>0</td>
<td>com.atipune.testngframe.basics.Disable_TCExcution_FromClassFromExcludeSuite@7a3d45bd</td></tr>
<tr>
<td title='com.atipune.testngframe.basics.assert_trueexample.testcase1()'><b>testcase1</b><br>Test class: com.atipune.testngframe.basics.assert_trueexample</td>
<td><div><pre>java.lang.AssertionError: actual result is false expected [false] but found [true]
	at com.atipune.testngframe.basics.assert_trueexample.testcase1(assert_trueexample.java:22)
	at java.util.ArrayList.forEach(ArrayList.java:1259)
... Removed 30 stack frames</pre></div><a href='#' onClick='toggleBox("stack-trace507819576", this, "Click to show all stack frames", "Click to hide stack frames")'>Click to show all stack frames</a>
<div class='stack-trace' id='stack-trace507819576'><pre>java.lang.AssertionError: actual result is false expected [false] but found [true]
	at org.testng.Assert.fail(Assert.java:99)
	at org.testng.Assert.failNotEquals(Assert.java:1037)
	at org.testng.Assert.assertFalse(Assert.java:67)
	at com.atipune.testngframe.basics.assert_trueexample.testcase1(assert_trueexample.java:22)
	at sun.reflect.NativeMethodAccessorImpl.invoke0(Native Method)
	at sun.reflect.NativeMethodAccessorImpl.invoke(NativeMethodAccessorImpl.java:62)
	at sun.reflect.DelegatingMethodAccessorImpl.invoke(DelegatingMethodAccessorImpl.java:43)
	at java.lang.reflect.Method.invoke(Method.java:498)
	at org.testng.internal.MethodInvocationHelper.invokeMethod(MethodInvocationHelper.java:133)
	at org.testng.internal.TestInvoker.invokeMethod(TestInvoker.java:598)
	at org.testng.internal.TestInvoker.invokeTestMethod(TestInvoker.java:173)
	at org.testng.internal.MethodRunner.runInSequence(MethodRunner.java:46)
	at org.testng.internal.TestInvoker$MethodInvocationAgent.invoke(TestInvoker.java:824)
	at org.testng.internal.TestInvoker.invokeTestMethods(TestInvoker.java:146)
	at org.testng.internal.TestMethodWorker.invokeTestMethods(TestMethodWorker.java:146)
	at org.testng.internal.TestMethodWorker.run(TestMethodWorker.java:128)
	at java.util.ArrayList.forEach(ArrayList.java:1259)
	at org.testng.TestRunner.privateRun(TestRunner.java:794)
	at org.testng.TestRunner.run(TestRunner.java:596)
	at org.testng.SuiteRunner.runTest(SuiteRunner.java:377)
	at org.testng.SuiteRunner.runSequentially(SuiteRunner.java:371)
	at org.testng.SuiteRunner.privateRun(SuiteRunner.java:332)
	at org.testng.SuiteRunner.run(SuiteRunner.java:276)
	at org.testng.SuiteRunnerWorker.runSuite(SuiteRunnerWorker.java:53)
	at org.testng.SuiteRunnerWorker.run(SuiteRunnerWorker.java:96)
	at org.testng.TestNG.runSuitesSequentially(TestNG.java:1212)
	at org.testng.TestNG.runSuitesLocally(TestNG.java:1134)
	at org.testng.TestNG.runSuites(TestNG.java:1063)
	at org.testng.TestNG.run(TestNG.java:1031)
	at org.testng.remote.AbstractRemoteTestNG.run(AbstractRemoteTestNG.java:115)
	at org.testng.remote.RemoteTestNG.initAndRun(RemoteTestNG.java:251)
	at org.testng.remote.RemoteTestNG.main(RemoteTestNG.java:77)
</pre></div></td>
<td>0</td>
<td>com.atipune.testngframe.basics.assert_trueexample@371a67ec</td></tr>
<tr>
<td title='com.atipune.testngframe.basics.Example1include.m1()'><b>m1</b><br>Test class: com.atipune.testngframe.basics.Example1include<br/>
<a href="#Output-1181815135" onClick='toggleBox("Output-1181815135", this, "Show output", "Hide output");'>Show output</a>

<a href="#Output-1181815135" onClick="toggleAllBoxes();">Show all outputs</a>
<div class='log' id="Output-1181815135">
testcase1<br/>
</div>
</td>
<td><div><pre>java.lang.AssertionError
	at org.junit.Assert.fail(Assert.java:86)
	at org.junit.Assert.fail(Assert.java:95)
	at com.atipune.testngframe.basics.Example1include.m1(Example1include.java:14)
	at java.util.ArrayList.forEach(ArrayList.java:1259)
... Removed 27 stack frames</pre></div><a href='#' onClick='toggleBox("stack-trace1181815135", this, "Click to show all stack frames", "Click to hide stack frames")'>Click to show all stack frames</a>
<div class='stack-trace' id='stack-trace1181815135'><pre>java.lang.AssertionError
	at org.junit.Assert.fail(Assert.java:86)
	at org.junit.Assert.fail(Assert.java:95)
	at com.atipune.testngframe.basics.Example1include.m1(Example1include.java:14)
	at sun.reflect.NativeMethodAccessorImpl.invoke0(Native Method)
	at sun.reflect.NativeMethodAccessorImpl.invoke(NativeMethodAccessorImpl.java:62)
	at sun.reflect.DelegatingMethodAccessorImpl.invoke(DelegatingMethodAccessorImpl.java:43)
	at java.lang.reflect.Method.invoke(Method.java:498)
	at org.testng.internal.MethodInvocationHelper.invokeMethod(MethodInvocationHelper.java:133)
	at org.testng.internal.TestInvoker.invokeMethod(TestInvoker.java:598)
	at org.testng.internal.TestInvoker.invokeTestMethod(TestInvoker.java:173)
	at org.testng.internal.MethodRunner.runInSequence(MethodRunner.java:46)
	at org.testng.internal.TestInvoker$MethodInvocationAgent.invoke(TestInvoker.java:824)
	at org.testng.internal.TestInvoker.invokeTestMethods(TestInvoker.java:146)
	at org.testng.internal.TestMethodWorker.invokeTestMethods(TestMethodWorker.java:146)
	at org.testng.internal.TestMethodWorker.run(TestMethodWorker.java:128)
	at java.util.ArrayList.forEach(ArrayList.java:1259)
	at org.testng.TestRunner.privateRun(TestRunner.java:794)
	at org.testng.TestRunner.run(TestRunner.java:596)
	at org.testng.SuiteRunner.runTest(SuiteRunner.java:377)
	at org.testng.SuiteRunner.runSequentially(SuiteRunner.java:371)
	at org.testng.SuiteRunner.privateRun(SuiteRunner.java:332)
	at org.testng.SuiteRunner.run(SuiteRunner.java:276)
	at org.testng.SuiteRunnerWorker.runSuite(SuiteRunnerWorker.java:53)
	at org.testng.SuiteRunnerWorker.run(SuiteRunnerWorker.java:96)
	at org.testng.TestNG.runSuitesSequentially(TestNG.java:1212)
	at org.testng.TestNG.runSuitesLocally(TestNG.java:1134)
	at org.testng.TestNG.runSuites(TestNG.java:1063)
	at org.testng.TestNG.run(TestNG.java:1031)
	at org.testng.remote.AbstractRemoteTestNG.run(AbstractRemoteTestNG.java:115)
	at org.testng.remote.RemoteTestNG.initAndRun(RemoteTestNG.java:251)
	at org.testng.remote.RemoteTestNG.main(RemoteTestNG.java:77)
</pre></div></td>
<td>0</td>
<td>com.atipune.testngframe.basics.Example1include@77ec78b9</td></tr>
</table><p>
<table width='100%' border='1' class='invocation-passed'>
<tr><td colspan='4' align='center'><b>PASSED TESTS</b></td></tr>
<tr><td><b>Test method</b></td>
<td width="30%"><b>Exception</b></td>
<td width="10%"><b>Time (seconds)</b></td>
<td><b>Instance</b></td>
</tr>
<tr>
<td title='com.atipune.testngframe.basics.Example_ofPriority.testcase2()'><b>testcase2</b><br>Test class: com.atipune.testngframe.basics.Example_ofPriority<br/>
<a href="#Output-1824872646" onClick='toggleBox("Output-1824872646", this, "Show output", "Hide output");'>Show output</a>

<a href="#Output-1824872646" onClick="toggleAllBoxes();">Show all outputs</a>
<div class='log' id="Output-1824872646">
test case2<br/>
</div>
</td>
<td></td>
<td>0</td>
<td>com.atipune.testngframe.basics.Example_ofPriority@612679d6</td></tr>
<tr>
<td title='com.atipune.testngframe.basics.Example_invocationcount1.testcase1()'><b>testcase1</b><br>Test class: com.atipune.testngframe.basics.Example_invocationcount1<br/>
<a href="#Output-37887172" onClick='toggleBox("Output-37887172", this, "Show output", "Hide output");'>Show output</a>

<a href="#Output-37887172" onClick="toggleAllBoxes();">Show all outputs</a>
<div class='log' id="Output-37887172">
 test case pass1<br/>
</div>
</td>
<td></td>
<td>0</td>
<td>com.atipune.testngframe.basics.Example_invocationcount1@6121c9d6</td></tr>
<tr>
<td title='com.atipune.testngframe.basics.example1_attributes$Demo1.tes2()'><b>tes2</b><br>Test class: com.atipune.testngframe.basics.example1_attributes$Demo1<br/>
<a href="#Output-26757919" onClick='toggleBox("Output-26757919", this, "Show output", "Hide output");'>Show output</a>

<a href="#Output-26757919" onClick="toggleAllBoxes();">Show all outputs</a>
<div class='log' id="Output-26757919">
testcase7<br/>
</div>
</td>
<td></td>
<td>0</td>
<td>com.atipune.testngframe.basics.example1_attributes$Demo1@63440df3</td></tr>
<tr>
<td title='com.atipune.testngframe.basics.Failedtestcase.TC4()'><b>TC4</b><br>Test class: com.atipune.testngframe.basics.Failedtestcase<br/>
<a href="#Output-1611832218" onClick='toggleBox("Output-1611832218", this, "Show output", "Hide output");'>Show output</a>

<a href="#Output-1611832218" onClick="toggleAllBoxes();">Show all outputs</a>
<div class='log' id="Output-1611832218">
running TC4,true<br/>
</div>
</td>
<td></td>
<td>0</td>
<td>com.atipune.testngframe.basics.Failedtestcase@11758f2a</td></tr>
<tr>
<td title='com.atipune.testngframe.basics.Testbasic.Testmethod2()'><b>Testmethod2</b><br>Test class: com.atipune.testngframe.basics.Testbasic</td>
<td></td>
<td>0</td>
<td>com.atipune.testngframe.basics.Testbasic@462d5aee</td></tr>
<tr>
<td title='com.atipune.testngframe.basics.Failedtestcase.TC3()'><b>TC3</b><br>Test class: com.atipune.testngframe.basics.Failedtestcase<br/>
<a href="#Output-1545827753" onClick='toggleBox("Output-1545827753", this, "Show output", "Hide output");'>Show output</a>

<a href="#Output-1545827753" onClick="toggleAllBoxes();">Show all outputs</a>
<div class='log' id="Output-1545827753">
running TC3,true<br/>
</div>
</td>
<td></td>
<td>0</td>
<td>com.atipune.testngframe.basics.Failedtestcase@11758f2a</td></tr>
<tr>
<td title='com.atipune.testngframe.basics.Example1suite.Testmethod4()'><b>Testmethod4</b><br>Test class: com.atipune.testngframe.basics.Example1suite<br/>
<a href="#Output-525575644" onClick='toggleBox("Output-525575644", this, "Show output", "Hide output");'>Show output</a>

<a href="#Output-525575644" onClick="toggleAllBoxes();">Show all outputs</a>
<div class='log' id="Output-525575644">
testcase 3<br/>
</div>
</td>
<td></td>
<td>0</td>
<td>com.atipune.testngframe.basics.Example1suite@1a3869f4</td></tr>
<tr>
<td title='com.atipune.testngframe.basics.Example_keyword_priority.testcase2()'><b>testcase2</b><br>Test class: com.atipune.testngframe.basics.Example_keyword_priority<br/>
<a href="#Output-530696881" onClick='toggleBox("Output-530696881", this, "Show output", "Hide output");'>Show output</a>

<a href="#Output-530696881" onClick="toggleAllBoxes();">Show all outputs</a>
<div class='log' id="Output-530696881">
running test case2<br/>
</div>
</td>
<td></td>
<td>0</td>
<td>com.atipune.testngframe.basics.Example_keyword_priority@4eb7f003</td></tr>
<tr>
<td title='com.atipune.testngframe.basics.Disable_TCExcution_FromClassFromExcludeSuite.TC3()'><b>TC3</b><br>Test class: com.atipune.testngframe.basics.Disable_TCExcution_FromClassFromExcludeSuite<br/>
<a href="#Output-1866768727" onClick='toggleBox("Output-1866768727", this, "Show output", "Hide output");'>Show output</a>

<a href="#Output-1866768727" onClick="toggleAllBoxes();">Show all outputs</a>
<div class='log' id="Output-1866768727">
running TC3,true<br/>
</div>
</td>
<td></td>
<td>0</td>
<td>com.atipune.testngframe.basics.Disable_TCExcution_FromClassFromExcludeSuite@7a3d45bd</td></tr>
<tr>
<td title='com.atipune.testngframe.basics.Example2_suite.Testmethod6()'><b>Testmethod6</b><br>Test class: com.atipune.testngframe.basics.Example2_suite<br/>
<a href="#Output-322561962" onClick='toggleBox("Output-322561962", this, "Show output", "Hide output");'>Show output</a>

<a href="#Output-322561962" onClick="toggleAllBoxes();">Show all outputs</a>
<div class='log' id="Output-322561962">
testcase5 <br/>
</div>
</td>
<td></td>
<td>0</td>
<td>com.atipune.testngframe.basics.Example2_suite@76a3e297</td></tr>
<tr>
<td title='com.atipune.testngframe.basics.Grouping_testng.tc2()'><b>tc2</b><br>Test class: com.atipune.testngframe.basics.Grouping_testng<br/>
<a href="#Output-1435229983" onClick='toggleBox("Output-1435229983", this, "Show output", "Hide output");'>Show output</a>

<a href="#Output-1435229983" onClick="toggleAllBoxes();">Show all outputs</a>
<div class='log' id="Output-1435229983">
test case2<br/>
</div>
</td>
<td></td>
<td>0</td>
<td>com.atipune.testngframe.basics.Grouping_testng@e720b71</td></tr>
<tr>
<td title='com.atipune.testngframe.basics.Demo2.test4()'><b>test4</b><br>Test class: com.atipune.testngframe.basics.Demo2<br/>
<a href="#Output-580363394" onClick='toggleBox("Output-580363394", this, "Show output", "Hide output");'>Show output</a>

<a href="#Output-580363394" onClick="toggleAllBoxes();">Show all outputs</a>
<div class='log' id="Output-580363394">
testcase10<br/>
</div>
</td>
<td></td>
<td>0</td>
<td>com.atipune.testngframe.basics.Demo2@50d0686</td></tr>
<tr>
<td title='com.atipune.testngframe.basics.Demo2.test6()'><b>test6</b><br>Test class: com.atipune.testngframe.basics.Demo2<br/>
<a href="#Output-2108297149" onClick='toggleBox("Output-2108297149", this, "Show output", "Hide output");'>Show output</a>

<a href="#Output-2108297149" onClick="toggleAllBoxes();">Show all outputs</a>
<div class='log' id="Output-2108297149">
testcase9<br/>
</div>
</td>
<td></td>
<td>0</td>
<td>com.atipune.testngframe.basics.Demo2@50d0686</td></tr>
<tr>
<td title='com.atipune.testngframe.basics.Example2_suite.Testmethod8()'><b>Testmethod8</b><br>Test class: com.atipune.testngframe.basics.Example2_suite<br/>
<a href="#Output-1237740254" onClick='toggleBox("Output-1237740254", this, "Show output", "Hide output");'>Show output</a>

<a href="#Output-1237740254" onClick="toggleAllBoxes();">Show all outputs</a>
<div class='log' id="Output-1237740254">
testcase9 <br/>
</div>
</td>
<td></td>
<td>0</td>
<td>com.atipune.testngframe.basics.Example2_suite@76a3e297</td></tr>
<tr>
<td title='com.atipune.testngframe.basics.Example1_verification.Tc1()'><b>Tc1</b><br>Test class: com.atipune.testngframe.basics.Example1_verification</td>
<td></td>
<td>0</td>
<td>com.atipune.testngframe.basics.Example1_verification@3aeaafa6</td></tr>
<tr>
<td title='com.atipune.testngframe.basics.Example_keyword_invocationcount.TC1()'><b>TC1</b><br>Test class: com.atipune.testngframe.basics.Example_keyword_invocationcount<br/>
<a href="#Output-1503660218" onClick='toggleBox("Output-1503660218", this, "Show output", "Hide output");'>Show output</a>

<a href="#Output-1503660218" onClick="toggleAllBoxes();">Show all outputs</a>
<div class='log' id="Output-1503660218">
running C1.class<br/>
</div>
</td>
<td></td>
<td>0</td>
<td>com.atipune.testngframe.basics.Example_keyword_invocationcount@87f383f</td></tr>
<tr>
<td title='com.atipune.testngframe.basics.Example3_keyword_enabled.tc1()'><b>tc1</b><br>Test class: com.atipune.testngframe.basics.Example3_keyword_enabled<br/>
<a href="#Output-1046545660" onClick='toggleBox("Output-1046545660", this, "Show output", "Hide output");'>Show output</a>

<a href="#Output-1046545660" onClick="toggleAllBoxes();">Show all outputs</a>
<div class='log' id="Output-1046545660">
test case 1 running<br/>
</div>
</td>
<td></td>
<td>0</td>
<td>com.atipune.testngframe.basics.Example3_keyword_enabled@4d3167f4</td></tr>
<tr>
<td title='com.atipune.testngframe.basics.Example_ofEnabled.test3()'><b>test3</b><br>Test class: com.atipune.testngframe.basics.Example_ofEnabled<br/>
<a href="#Output-2065718717" onClick='toggleBox("Output-2065718717", this, "Show output", "Hide output");'>Show output</a>

<a href="#Output-2065718717" onClick="toggleAllBoxes();">Show all outputs</a>
<div class='log' id="Output-2065718717">
testcase3<br/>
</div>
</td>
<td></td>
<td>0</td>
<td>com.atipune.testngframe.basics.Example_ofEnabled@1060b431</td></tr>
<tr>
<td title='com.atipune.testngframe.basics.Example_ofPriority.testab4()'><b>testab4</b><br>Test class: com.atipune.testngframe.basics.Example_ofPriority<br/>
<a href="#Output-2053628870" onClick='toggleBox("Output-2053628870", this, "Show output", "Hide output");'>Show output</a>

<a href="#Output-2053628870" onClick="toggleAllBoxes();">Show all outputs</a>
<div class='log' id="Output-2053628870">
test case4<br/>
</div>
</td>
<td></td>
<td>0</td>
<td>com.atipune.testngframe.basics.Example_ofPriority@612679d6</td></tr>
<tr>
<td title='com.atipune.testngframe.basics.Disable_TCExcution_FromClassFromExcludeSuite.TC2()'><b>TC2</b><br>Test class: com.atipune.testngframe.basics.Disable_TCExcution_FromClassFromExcludeSuite<br/>
<a href="#Output-895766599" onClick='toggleBox("Output-895766599", this, "Show output", "Hide output");'>Show output</a>

<a href="#Output-895766599" onClick="toggleAllBoxes();">Show all outputs</a>
<div class='log' id="Output-895766599">
running TC2,true<br/>
</div>
</td>
<td></td>
<td>0</td>
<td>com.atipune.testngframe.basics.Disable_TCExcution_FromClassFromExcludeSuite@7a3d45bd</td></tr>
<tr>
<td title='com.atipune.testngframe.basics.Demo2.test4()'><b>test4</b><br>Test class: com.atipune.testngframe.basics.Demo2<br/>
<a href="#Output-840370996" onClick='toggleBox("Output-840370996", this, "Show output", "Hide output");'>Show output</a>

<a href="#Output-840370996" onClick="toggleAllBoxes();">Show all outputs</a>
<div class='log' id="Output-840370996">
testcase10<br/>
</div>
</td>
<td></td>
<td>0</td>
<td>com.atipune.testngframe.basics.Demo2@50d0686</td></tr>
<tr>
<td title='com.atipune.testngframe.basics.Annotation.verifypn()'><b>verifypn</b><br>Test class: com.atipune.testngframe.basics.Annotation<br/>
<a href="#Output-1849201180" onClick='toggleBox("Output-1849201180", this, "Show output", "Hide output");'>Show output</a>

<a href="#Output-1849201180" onClick="toggleAllBoxes();">Show all outputs</a>
<div class='log' id="Output-1849201180">
running verify pn test script<br/>
</div>
</td>
<td></td>
<td>0</td>
<td>com.atipune.testngframe.basics.Annotation@60285225</td></tr>
<tr>
<td title='com.atipune.testngframe.basics.Example_keyword_priority.testcase3()'><b>testcase3</b><br>Test class: com.atipune.testngframe.basics.Example_keyword_priority<br/>
<a href="#Output-189207010" onClick='toggleBox("Output-189207010", this, "Show output", "Hide output");'>Show output</a>

<a href="#Output-189207010" onClick="toggleAllBoxes();">Show all outputs</a>
<div class='log' id="Output-189207010">
running test case3<br/>
</div>
</td>
<td></td>
<td>0</td>
<td>com.atipune.testngframe.basics.Example_keyword_priority@4eb7f003</td></tr>
<tr>
<td title='com.atipune.testngframe.basics.example1_attributes$Demo1.test3()'><b>test3</b><br>Test class: com.atipune.testngframe.basics.example1_attributes$Demo1<br/>
<a href="#Output-967576586" onClick='toggleBox("Output-967576586", this, "Show output", "Hide output");'>Show output</a>

<a href="#Output-967576586" onClick="toggleAllBoxes();">Show all outputs</a>
<div class='log' id="Output-967576586">
testcase8<br/>
</div>
</td>
<td></td>
<td>0</td>
<td>com.atipune.testngframe.basics.example1_attributes$Demo1@63440df3</td></tr>
<tr>
<td title='com.atipune.testngframe.basics.Example_keyword_invocationcount.TC1()'><b>TC1</b><br>Test class: com.atipune.testngframe.basics.Example_keyword_invocationcount<br/>
<a href="#Output-1489933928" onClick='toggleBox("Output-1489933928", this, "Show output", "Hide output");'>Show output</a>

<a href="#Output-1489933928" onClick="toggleAllBoxes();">Show all outputs</a>
<div class='log' id="Output-1489933928">
running C1.class<br/>
</div>
</td>
<td></td>
<td>0</td>
<td>com.atipune.testngframe.basics.Example_keyword_invocationcount@87f383f</td></tr>
<tr>
<td title='com.atipune.testngframe.basics.Example_ofPriority.testcase3()'><b>testcase3</b><br>Test class: com.atipune.testngframe.basics.Example_ofPriority<br/>
<a href="#Output-359742806" onClick='toggleBox("Output-359742806", this, "Show output", "Hide output");'>Show output</a>

<a href="#Output-359742806" onClick="toggleAllBoxes();">Show all outputs</a>
<div class='log' id="Output-359742806">
test case3<br/>
</div>
</td>
<td></td>
<td>0</td>
<td>com.atipune.testngframe.basics.Example_ofPriority@612679d6</td></tr>
<tr>
<td title='com.atipune.testngframe.basics.Failedtestcase.TC7()'><b>TC7</b><br>Test class: com.atipune.testngframe.basics.Failedtestcase<br/>
<a href="#Output-1033638837" onClick='toggleBox("Output-1033638837", this, "Show output", "Hide output");'>Show output</a>

<a href="#Output-1033638837" onClick="toggleAllBoxes();">Show all outputs</a>
<div class='log' id="Output-1033638837">
running TC7,true<br/>
</div>
</td>
<td></td>
<td>0</td>
<td>com.atipune.testngframe.basics.Failedtestcase@11758f2a</td></tr>
<tr>
<td title='com.atipune.testngframe.basics.Example1_verification.Tc2()'><b>Tc2</b><br>Test class: com.atipune.testngframe.basics.Example1_verification</td>
<td></td>
<td>0</td>
<td>com.atipune.testngframe.basics.Example1_verification@3aeaafa6</td></tr>
<tr>
<td title='com.atipune.testngframe.basics.Example1include.m3()'><b>m3</b><br>Test class: com.atipune.testngframe.basics.Example1include<br/>
<a href="#Output-199657303" onClick='toggleBox("Output-199657303", this, "Show output", "Hide output");'>Show output</a>

<a href="#Output-199657303" onClick="toggleAllBoxes();">Show all outputs</a>
<div class='log' id="Output-199657303">
testcase3<br/>
</div>
</td>
<td></td>
<td>0</td>
<td>com.atipune.testngframe.basics.Example1include@77ec78b9</td></tr>
<tr>
<td title='com.atipune.testngframe.basics.Example_ofPriority.testcase1()'><b>testcase1</b><br>Test class: com.atipune.testngframe.basics.Example_ofPriority<br/>
<a href="#Output-1676827075" onClick='toggleBox("Output-1676827075", this, "Show output", "Hide output");'>Show output</a>

<a href="#Output-1676827075" onClick="toggleAllBoxes();">Show all outputs</a>
<div class='log' id="Output-1676827075">
test case1<br/>
</div>
</td>
<td></td>
<td>0</td>
<td>com.atipune.testngframe.basics.Example_ofPriority@612679d6</td></tr>
<tr>
<td title='com.atipune.testngframe.basics.example_dependonmethod.login()'><b>login</b><br>Test class: com.atipune.testngframe.basics.example_dependonmethod<br/>
<a href="#Output-1200906406" onClick='toggleBox("Output-1200906406", this, "Show output", "Hide output");'>Show output</a>

<a href="#Output-1200906406" onClick="toggleAllBoxes();">Show all outputs</a>
<div class='log' id="Output-1200906406">
testcase login<br/>
</div>
</td>
<td></td>
<td>0</td>
<td>com.atipune.testngframe.basics.example_dependonmethod@ed9d034</td></tr>
<tr>
<td title='com.atipune.testngframe.basics.Example1suite.Testmethod2()'><b>Testmethod2</b><br>Test class: com.atipune.testngframe.basics.Example1suite<br/>
<a href="#Output-2119992687" onClick='toggleBox("Output-2119992687", this, "Show output", "Hide output");'>Show output</a>

<a href="#Output-2119992687" onClick="toggleAllBoxes();">Show all outputs</a>
<div class='log' id="Output-2119992687">
testcas1<br/>
</div>
</td>
<td></td>
<td>0</td>
<td>com.atipune.testngframe.basics.Example1suite@1a3869f4</td></tr>
<tr>
<td title='com.atipune.testngframe.basics.Example3_keyword_enabled.tc2()'><b>tc2</b><br>Test class: com.atipune.testngframe.basics.Example3_keyword_enabled<br/>
<a href="#Output-305502850" onClick='toggleBox("Output-305502850", this, "Show output", "Hide output");'>Show output</a>

<a href="#Output-305502850" onClick="toggleAllBoxes();">Show all outputs</a>
<div class='log' id="Output-305502850">
test case 2 running<br/>
</div>
</td>
<td></td>
<td>0</td>
<td>com.atipune.testngframe.basics.Example3_keyword_enabled@4d3167f4</td></tr>
<tr>
<td title='com.atipune.testngframe.basics.Example_invocationcount1.testcase1()'><b>testcase1</b><br>Test class: com.atipune.testngframe.basics.Example_invocationcount1<br/>
<a href="#Output-2049051802" onClick='toggleBox("Output-2049051802", this, "Show output", "Hide output");'>Show output</a>

<a href="#Output-2049051802" onClick="toggleAllBoxes();">Show all outputs</a>
<div class='log' id="Output-2049051802">
 test case pass1<br/>
</div>
</td>
<td></td>
<td>0</td>
<td>com.atipune.testngframe.basics.Example_invocationcount1@6121c9d6</td></tr>
<tr>
<td title='com.atipune.testngframe.basics.Example_keyword_priority.testcase4()'><b>testcase4</b><br>Test class: com.atipune.testngframe.basics.Example_keyword_priority<br/>
<a href="#Output-664186542" onClick='toggleBox("Output-664186542", this, "Show output", "Hide output");'>Show output</a>

<a href="#Output-664186542" onClick="toggleAllBoxes();">Show all outputs</a>
<div class='log' id="Output-664186542">
running test case4<br/>
</div>
</td>
<td></td>
<td>0</td>
<td>com.atipune.testngframe.basics.Example_keyword_priority@4eb7f003</td></tr>
<tr>
<td title='com.atipune.testngframe.basics.Disable_TCExcution_FromClassFromExcludeSuite.TC4()'><b>TC4</b><br>Test class: com.atipune.testngframe.basics.Disable_TCExcution_FromClassFromExcludeSuite<br/>
<a href="#Output-1808009213" onClick='toggleBox("Output-1808009213", this, "Show output", "Hide output");'>Show output</a>

<a href="#Output-1808009213" onClick="toggleAllBoxes();">Show all outputs</a>
<div class='log' id="Output-1808009213">
running TC4,true<br/>
</div>
</td>
<td></td>
<td>0</td>
<td>com.atipune.testngframe.basics.Disable_TCExcution_FromClassFromExcludeSuite@7a3d45bd</td></tr>
<tr>
<td title='com.atipune.testngframe.basics.example1_attributes$Demo1.test()'><b>test</b><br>Test class: com.atipune.testngframe.basics.example1_attributes$Demo1<br/>
<a href="#Output-1003693033" onClick='toggleBox("Output-1003693033", this, "Show output", "Hide output");'>Show output</a>

<a href="#Output-1003693033" onClick="toggleAllBoxes();">Show all outputs</a>
<div class='log' id="Output-1003693033">
testcase5<br/>
</div>
</td>
<td></td>
<td>0</td>
<td>com.atipune.testngframe.basics.example1_attributes$Demo1@63440df3</td></tr>
<tr>
<td title='com.atipune.testngframe.basics.Disable_TCExcution_FromClassFromSuite.TC4()'><b>TC4</b><br>Test class: com.atipune.testngframe.basics.Disable_TCExcution_FromClassFromSuite<br/>
<a href="#Output-225909961" onClick='toggleBox("Output-225909961", this, "Show output", "Hide output");'>Show output</a>

<a href="#Output-225909961" onClick="toggleAllBoxes();">Show all outputs</a>
<div class='log' id="Output-225909961">
running TC4,true<br/>
</div>
</td>
<td></td>
<td>0</td>
<td>com.atipune.testngframe.basics.Disable_TCExcution_FromClassFromSuite@1e7c7811</td></tr>
<tr>
<td title='com.atipune.testngframe.basics.Failedtestcase.TC6()'><b>TC6</b><br>Test class: com.atipune.testngframe.basics.Failedtestcase<br/>
<a href="#Output-2052435819" onClick='toggleBox("Output-2052435819", this, "Show output", "Hide output");'>Show output</a>

<a href="#Output-2052435819" onClick="toggleAllBoxes();">Show all outputs</a>
<div class='log' id="Output-2052435819">
running TC6,true<br/>
</div>
</td>
<td></td>
<td>0</td>
<td>com.atipune.testngframe.basics.Failedtestcase@11758f2a</td></tr>
<tr>
<td title='com.atipune.testngframe.basics.Grouping_testng.tc()'><b>tc</b><br>Test class: com.atipune.testngframe.basics.Grouping_testng<br/>
<a href="#Output-41031373" onClick='toggleBox("Output-41031373", this, "Show output", "Hide output");'>Show output</a>

<a href="#Output-41031373" onClick="toggleAllBoxes();">Show all outputs</a>
<div class='log' id="Output-41031373">
test case1<br/>
</div>
</td>
<td></td>
<td>0</td>
<td>com.atipune.testngframe.basics.Grouping_testng@e720b71</td></tr>
<tr>
<td title='com.atipune.testngframe.basics.Example_keyword_priority.testcase1()'><b>testcase1</b><br>Test class: com.atipune.testngframe.basics.Example_keyword_priority<br/>
<a href="#Output-1894788146" onClick='toggleBox("Output-1894788146", this, "Show output", "Hide output");'>Show output</a>

<a href="#Output-1894788146" onClick="toggleAllBoxes();">Show all outputs</a>
<div class='log' id="Output-1894788146">
running test case1<br/>
</div>
</td>
<td></td>
<td>0</td>
<td>com.atipune.testngframe.basics.Example_keyword_priority@4eb7f003</td></tr>
<tr>
<td title='com.atipune.testngframe.basics.Example_keyword_invocationcount.TC1()'><b>TC1</b><br>Test class: com.atipune.testngframe.basics.Example_keyword_invocationcount<br/>
<a href="#Output-864852424" onClick='toggleBox("Output-864852424", this, "Show output", "Hide output");'>Show output</a>

<a href="#Output-864852424" onClick="toggleAllBoxes();">Show all outputs</a>
<div class='log' id="Output-864852424">
running C1.class<br/>
</div>
</td>
<td></td>
<td>0</td>
<td>com.atipune.testngframe.basics.Example_keyword_invocationcount@87f383f</td></tr>
<tr>
<td title='com.atipune.testngframe.basics.TC1.tc()'><b>tc</b><br>Test class: com.atipune.testngframe.basics.TC1<br/>
<a href="#Output-1909398279" onClick='toggleBox("Output-1909398279", this, "Show output", "Hide output");'>Show output</a>

<a href="#Output-1909398279" onClick="toggleAllBoxes();">Show all outputs</a>
<div class='log' id="Output-1909398279">
running tc..<br/>
</div>
</td>
<td></td>
<td>0</td>
<td>com.atipune.testngframe.basics.TC1@6a1aab78</td></tr>
<tr>
<td title='com.atipune.testngframe.basics.Demo2.test5()'><b>test5</b><br>Test class: com.atipune.testngframe.basics.Demo2<br/>
<a href="#Output-1126185196" onClick='toggleBox("Output-1126185196", this, "Show output", "Hide output");'>Show output</a>

<a href="#Output-1126185196" onClick="toggleAllBoxes();">Show all outputs</a>
<div class='log' id="Output-1126185196">
testcase8<br/>
</div>
</td>
<td></td>
<td>0</td>
<td>com.atipune.testngframe.basics.Demo2@50d0686</td></tr>
<tr>
<td title='com.atipune.testngframe.basics.AnnotationExample.tc10()'><b>tc10</b><br>Test class: com.atipune.testngframe.basics.AnnotationExample<br/>
<a href="#Output-2008966511" onClick='toggleBox("Output-2008966511", this, "Show output", "Hide output");'>Show output</a>

<a href="#Output-2008966511" onClick="toggleAllBoxes();">Show all outputs</a>
<div class='log' id="Output-2008966511">
testcase11<br/>
</div>
</td>
<td></td>
<td>0</td>
<td>com.atipune.testngframe.basics.AnnotationExample@12f41634</td></tr>
<tr>
<td title='com.atipune.testngframe.basics.Example1suite.Testmethod1()'><b>Testmethod1</b><br>Test class: com.atipune.testngframe.basics.Example1suite</td>
<td></td>
<td>0</td>
<td>com.atipune.testngframe.basics.Example1suite@1a3869f4</td></tr>
<tr>
<td title='com.atipune.testngframe.basics.Annotation1.verifyps()'><b>verifyps</b><br>Test class: com.atipune.testngframe.basics.Annotation1<br/>
<a href="#Output-1500608548" onClick='toggleBox("Output-1500608548", this, "Show output", "Hide output");'>Show output</a>

<a href="#Output-1500608548" onClick="toggleAllBoxes();">Show all outputs</a>
<div class='log' id="Output-1500608548">
test case for password<br/>
</div>
</td>
<td></td>
<td>0</td>
<td>com.atipune.testngframe.basics.Annotation1@5bfbf16f</td></tr>
<tr>
<td title='com.atipune.testngframe.basics.Parellel_Execution3.m6()'><b>m6</b><br>Test class: com.atipune.testngframe.basics.Parellel_Execution3</td>
<td></td>
<td>8</td>
<td>com.atipune.testngframe.basics.Parellel_Execution3@74ad1f1f</td></tr>
<tr>
<td title='com.atipune.testngframe.basics.Failedtestcase.TC2()'><b>TC2</b><br>Test class: com.atipune.testngframe.basics.Failedtestcase<br/>
<a href="#Output-222427158" onClick='toggleBox("Output-222427158", this, "Show output", "Hide output");'>Show output</a>

<a href="#Output-222427158" onClick="toggleAllBoxes();">Show all outputs</a>
<div class='log' id="Output-222427158">
running TC2,true<br/>
</div>
</td>
<td></td>
<td>0</td>
<td>com.atipune.testngframe.basics.Failedtestcase@11758f2a</td></tr>
<tr>
<td title='com.atipune.testngframe.basics.Demo1.test()'><b>test</b><br>Test class: com.atipune.testngframe.basics.Demo1<br/>
<a href="#Output-833474933" onClick='toggleBox("Output-833474933", this, "Show output", "Hide output");'>Show output</a>

<a href="#Output-833474933" onClick="toggleAllBoxes();">Show all outputs</a>
<div class='log' id="Output-833474933">
testcase5<br/>
</div>
</td>
<td></td>
<td>0</td>
<td>com.atipune.testngframe.basics.Demo1@5ed828d</td></tr>
<tr>
<td title='com.atipune.testngframe.basics.Example_keyword_timeout.testcse()'><b>testcse</b><br>Test class: com.atipune.testngframe.basics.Example_keyword_timeout<br/>
<a href="#Output-1014870821" onClick='toggleBox("Output-1014870821", this, "Show output", "Hide output");'>Show output</a>

<a href="#Output-1014870821" onClick="toggleAllBoxes();">Show all outputs</a>
<div class='log' id="Output-1014870821">
testcase<br/>
</div>
</td>
<td></td>
<td>3</td>
<td>com.atipune.testngframe.basics.Example_keyword_timeout@eafc191</td></tr>
<tr>
<td title='com.atipune.testngframe.basics.Annotation.verifyUserid()'><b>verifyUserid</b><br>Test class: com.atipune.testngframe.basics.Annotation<br/>
<a href="#Output-1816089958" onClick='toggleBox("Output-1816089958", this, "Show output", "Hide output");'>Show output</a>

<a href="#Output-1816089958" onClick="toggleAllBoxes();">Show all outputs</a>
<div class='log' id="Output-1816089958">
running verify ID test script<br/>
</div>
</td>
<td></td>
<td>0</td>
<td>com.atipune.testngframe.basics.Annotation@60285225</td></tr>
<tr>
<td title='com.atipune.testngframe.basics.Disable_TCExcution_FromClassFromSuite.TC2()'><b>TC2</b><br>Test class: com.atipune.testngframe.basics.Disable_TCExcution_FromClassFromSuite<br/>
<a href="#Output-1574749319" onClick='toggleBox("Output-1574749319", this, "Show output", "Hide output");'>Show output</a>

<a href="#Output-1574749319" onClick="toggleAllBoxes();">Show all outputs</a>
<div class='log' id="Output-1574749319">
running TC2,true<br/>
</div>
</td>
<td></td>
<td>0</td>
<td>com.atipune.testngframe.basics.Disable_TCExcution_FromClassFromSuite@1e7c7811</td></tr>
<tr>
<td title='com.atipune.testngframe.basics.Annotation1.verifyuserid()'><b>verifyuserid</b><br>Test class: com.atipune.testngframe.basics.Annotation1<br/>
<a href="#Output-366590980" onClick='toggleBox("Output-366590980", this, "Show output", "Hide output");'>Show output</a>

<a href="#Output-366590980" onClick="toggleAllBoxes();">Show all outputs</a>
<div class='log' id="Output-366590980">
test case for userid<br/>
</div>
</td>
<td></td>
<td>0</td>
<td>com.atipune.testngframe.basics.Annotation1@5bfbf16f</td></tr>
<tr>
<td title='com.atipune.testngframe.basics.Example_keyword_invocationcount.TC1()'><b>TC1</b><br>Test class: com.atipune.testngframe.basics.Example_keyword_invocationcount<br/>
<a href="#Output-24293395" onClick='toggleBox("Output-24293395", this, "Show output", "Hide output");'>Show output</a>

<a href="#Output-24293395" onClick="toggleAllBoxes();">Show all outputs</a>
<div class='log' id="Output-24293395">
running C1.class<br/>
</div>
</td>
<td></td>
<td>0</td>
<td>com.atipune.testngframe.basics.Example_keyword_invocationcount@87f383f</td></tr>
<tr>
<td title='com.atipune.testngframe.basics.Parellel_Execution2.m6()'><b>m6</b><br>Test class: com.atipune.testngframe.basics.Parellel_Execution2</td>
<td></td>
<td>3</td>
<td>com.atipune.testngframe.basics.Parellel_Execution2@491cc5c9</td></tr>
<tr>
<td title='com.atipune.testngframe.basics.Example1include.m2()'><b>m2</b><br>Test class: com.atipune.testngframe.basics.Example1include<br/>
<a href="#Output-519979933" onClick='toggleBox("Output-519979933", this, "Show output", "Hide output");'>Show output</a>

<a href="#Output-519979933" onClick="toggleAllBoxes();">Show all outputs</a>
<div class='log' id="Output-519979933">
testcase2<br/>
</div>
</td>
<td></td>
<td>0</td>
<td>com.atipune.testngframe.basics.Example1include@77ec78b9</td></tr>
<tr>
<td title='com.atipune.testngframe.basics.Testbasic.Testmethod1()'><b>Testmethod1</b><br>Test class: com.atipune.testngframe.basics.Testbasic</td>
<td></td>
<td>0</td>
<td>com.atipune.testngframe.basics.Testbasic@462d5aee</td></tr>
<tr>
<td title='com.atipune.testngframe.basics.TC1.tc1()'><b>tc1</b><br>Test class: com.atipune.testngframe.basics.TC1<br/>
<a href="#Output-1632670136" onClick='toggleBox("Output-1632670136", this, "Show output", "Hide output");'>Show output</a>

<a href="#Output-1632670136" onClick="toggleAllBoxes();">Show all outputs</a>
<div class='log' id="Output-1632670136">
running tc111..<br/>
</div>
</td>
<td></td>
<td>0</td>
<td>com.atipune.testngframe.basics.TC1@6a1aab78</td></tr>
<tr>
<td title='com.atipune.testngframe.basics.Demo1.tes2()'><b>tes2</b><br>Test class: com.atipune.testngframe.basics.Demo1<br/>
<a href="#Output-195801026" onClick='toggleBox("Output-195801026", this, "Show output", "Hide output");'>Show output</a>

<a href="#Output-195801026" onClick="toggleAllBoxes();">Show all outputs</a>
<div class='log' id="Output-195801026">
testcase7<br/>
</div>
</td>
<td></td>
<td>0</td>
<td>com.atipune.testngframe.basics.Demo1@5ed828d</td></tr>
<tr>
<td title='com.atipune.testngframe.basics.Disable_TCExcution_FromClassFromSuite.TC1()'><b>TC1</b><br>Test class: com.atipune.testngframe.basics.Disable_TCExcution_FromClassFromSuite<br/>
<a href="#Output-400064818" onClick='toggleBox("Output-400064818", this, "Show output", "Hide output");'>Show output</a>

<a href="#Output-400064818" onClick="toggleAllBoxes();">Show all outputs</a>
<div class='log' id="Output-400064818">
running TC1,true<br/>
</div>
</td>
<td></td>
<td>0</td>
<td>com.atipune.testngframe.basics.Disable_TCExcution_FromClassFromSuite@1e7c7811</td></tr>
<tr>
<td title='com.atipune.testngframe.basics.Demo1.test3()'><b>test3</b><br>Test class: com.atipune.testngframe.basics.Demo1<br/>
<a href="#Output-182670350" onClick='toggleBox("Output-182670350", this, "Show output", "Hide output");'>Show output</a>

<a href="#Output-182670350" onClick="toggleAllBoxes();">Show all outputs</a>
<div class='log' id="Output-182670350">
testcase8<br/>
</div>
</td>
<td></td>
<td>0</td>
<td>com.atipune.testngframe.basics.Demo1@5ed828d</td></tr>
<tr>
<td title='com.atipune.testngframe.basics.Example2_suite.Testmethod5()'><b>Testmethod5</b><br>Test class: com.atipune.testngframe.basics.Example2_suite<br/>
<a href="#Output-951221468" onClick='toggleBox("Output-951221468", this, "Show output", "Hide output");'>Show output</a>

<a href="#Output-951221468" onClick="toggleAllBoxes();">Show all outputs</a>
<div class='log' id="Output-951221468">
testcase4 <br/>
</div>
</td>
<td></td>
<td>0</td>
<td>com.atipune.testngframe.basics.Example2_suite@76a3e297</td></tr>
<tr>
<td title='com.atipune.testngframe.basics.Example1suite.Testmethod3()'><b>Testmethod3</b><br>Test class: com.atipune.testngframe.basics.Example1suite<br/>
<a href="#Output-1094674892" onClick='toggleBox("Output-1094674892", this, "Show output", "Hide output");'>Show output</a>

<a href="#Output-1094674892" onClick="toggleAllBoxes();">Show all outputs</a>
<div class='log' id="Output-1094674892">
testcase2 <br/>
</div>
</td>
<td></td>
<td>0</td>
<td>com.atipune.testngframe.basics.Example1suite@1a3869f4</td></tr>
<tr>
<td title='com.atipune.testngframe.basics.Example_invocationcount1.testcase1()'><b>testcase1</b><br>Test class: com.atipune.testngframe.basics.Example_invocationcount1<br/>
<a href="#Output-1752182275" onClick='toggleBox("Output-1752182275", this, "Show output", "Hide output");'>Show output</a>

<a href="#Output-1752182275" onClick="toggleAllBoxes();">Show all outputs</a>
<div class='log' id="Output-1752182275">
 test case pass1<br/>
</div>
</td>
<td></td>
<td>0</td>
<td>com.atipune.testngframe.basics.Example_invocationcount1@6121c9d6</td></tr>
<tr>
<td title='com.atipune.testngframe.basics.Example2_suite.Testmethod7()'><b>Testmethod7</b><br>Test class: com.atipune.testngframe.basics.Example2_suite<br/>
<a href="#Output-532048323" onClick='toggleBox("Output-532048323", this, "Show output", "Hide output");'>Show output</a>

<a href="#Output-532048323" onClick="toggleAllBoxes();">Show all outputs</a>
<div class='log' id="Output-532048323">
testcase6 <br/>
</div>
</td>
<td></td>
<td>0</td>
<td>com.atipune.testngframe.basics.Example2_suite@76a3e297</td></tr>
<tr>
<td title='com.atipune.testngframe.basics.Grouping_testng.tc3()'><b>tc3</b><br>Test class: com.atipune.testngframe.basics.Grouping_testng<br/>
<a href="#Output-139947936" onClick='toggleBox("Output-139947936", this, "Show output", "Hide output");'>Show output</a>

<a href="#Output-139947936" onClick="toggleAllBoxes();">Show all outputs</a>
<div class='log' id="Output-139947936">
test case3<br/>
</div>
</td>
<td></td>
<td>0</td>
<td>com.atipune.testngframe.basics.Grouping_testng@e720b71</td></tr>
<tr>
<td title='com.atipune.testngframe.basics.Parellel_Execution.m1()'><b>m1</b><br>Test class: com.atipune.testngframe.basics.Parellel_Execution</td>
<td></td>
<td>7</td>
<td>com.atipune.testngframe.basics.Parellel_Execution@1b26f7b2</td></tr>
<tr>
<td title='com.atipune.testngframe.basics.example_dependonmethod.logout()'><b>logout</b><br>Test class: com.atipune.testngframe.basics.example_dependonmethod<br/>
<a href="#Output-1541697437" onClick='toggleBox("Output-1541697437", this, "Show output", "Hide output");'>Show output</a>

<a href="#Output-1541697437" onClick="toggleAllBoxes();">Show all outputs</a>
<div class='log' id="Output-1541697437">
testcase logout <br/>
</div>
</td>
<td></td>
<td>0</td>
<td>com.atipune.testngframe.basics.example_dependonmethod@ed9d034</td></tr>
<tr>
<td title='com.atipune.testngframe.basics.Failedtestcase.TC5()'><b>TC5</b><br>Test class: com.atipune.testngframe.basics.Failedtestcase<br/>
<a href="#Output-2027317551" onClick='toggleBox("Output-2027317551", this, "Show output", "Hide output");'>Show output</a>

<a href="#Output-2027317551" onClick="toggleAllBoxes();">Show all outputs</a>
<div class='log' id="Output-2027317551">
running T51,true<br/>
</div>
</td>
<td></td>
<td>0</td>
<td>com.atipune.testngframe.basics.Failedtestcase@11758f2a</td></tr>
<tr>
<td title='com.atipune.testngframe.basics.Example_keyword_invocationcount.TC1()'><b>TC1</b><br>Test class: com.atipune.testngframe.basics.Example_keyword_invocationcount<br/>
<a href="#Output-565839681" onClick='toggleBox("Output-565839681", this, "Show output", "Hide output");'>Show output</a>

<a href="#Output-565839681" onClick="toggleAllBoxes();">Show all outputs</a>
<div class='log' id="Output-565839681">
running C1.class<br/>
</div>
</td>
<td></td>
<td>0</td>
<td>com.atipune.testngframe.basics.Example_keyword_invocationcount@87f383f</td></tr>
<tr>
<td title='com.atipune.testngframe.basics.Example_ofEnabled.test()'><b>test</b><br>Test class: com.atipune.testngframe.basics.Example_ofEnabled<br/>
<a href="#Output-20111564" onClick='toggleBox("Output-20111564", this, "Show output", "Hide output");'>Show output</a>

<a href="#Output-20111564" onClick="toggleAllBoxes();">Show all outputs</a>
<div class='log' id="Output-20111564">
testcase1<br/>
</div>
</td>
<td></td>
<td>0</td>
<td>com.atipune.testngframe.basics.Example_ofEnabled@1060b431</td></tr>
</table><p>
<table width='100%' border='1' class='invocation-skipped'>
<tr><td colspan='4' align='center'><b>SKIPPED TESTS</b></td></tr>
<tr><td><b>Test method</b></td>
<td width="30%"><b>Exception</b></td>
<td width="10%"><b>Time (seconds)</b></td>
<td><b>Instance</b></td>
</tr>
<tr>
<td title='com.atipune.testngframe.basics.TestNGAssert.verifyFirstBookTitle()'><b>verifyFirstBookTitle</b><br>Test class: com.atipune.testngframe.basics.TestNGAssert</td>
<td><div><pre>java.lang.IllegalStateException: The driver executable does not exist: D:\Sep_Mrng_2021_JavaAutomation\TestNGFramework\drivers\chromedriver.exe
	at com.google.common.base.Preconditions.checkState(Preconditions.java:585)
	at org.openqa.selenium.remote.service.DriverService.checkExecutable(DriverService.java:146)
	at org.openqa.selenium.remote.service.DriverService.findExecutable(DriverService.java:141)
	at org.openqa.selenium.chrome.ChromeDriverService.access$000(ChromeDriverService.java:35)
	at org.openqa.selenium.chrome.ChromeDriverService$Builder.findDefaultExecutable(ChromeDriverService.java:159)
	at org.openqa.selenium.remote.service.DriverService$Builder.build(DriverService.java:355)
	at org.openqa.selenium.chrome.ChromeDriverService.createDefaultService(ChromeDriverService.java:94)
	at org.openqa.selenium.chrome.ChromeDriver.&lt;init&gt;(ChromeDriver.java:123)
	at com.atipune.testngframe.basics.TestNGAssert.openBrowser(TestNGAssert.java:21)
	at java.util.ArrayList.forEach(ArrayList.java:1259)
... Removed 31 stack frames</pre></div><a href='#' onClick='toggleBox("stack-trace1890266440", this, "Click to show all stack frames", "Click to hide stack frames")'>Click to show all stack frames</a>
<div class='stack-trace' id='stack-trace1890266440'><pre>java.lang.IllegalStateException: The driver executable does not exist: D:\Sep_Mrng_2021_JavaAutomation\TestNGFramework\drivers\chromedriver.exe
	at com.google.common.base.Preconditions.checkState(Preconditions.java:585)
	at org.openqa.selenium.remote.service.DriverService.checkExecutable(DriverService.java:146)
	at org.openqa.selenium.remote.service.DriverService.findExecutable(DriverService.java:141)
	at org.openqa.selenium.chrome.ChromeDriverService.access$000(ChromeDriverService.java:35)
	at org.openqa.selenium.chrome.ChromeDriverService$Builder.findDefaultExecutable(ChromeDriverService.java:159)
	at org.openqa.selenium.remote.service.DriverService$Builder.build(DriverService.java:355)
	at org.openqa.selenium.chrome.ChromeDriverService.createDefaultService(ChromeDriverService.java:94)
	at org.openqa.selenium.chrome.ChromeDriver.&lt;init&gt;(ChromeDriver.java:123)
	at com.atipune.testngframe.basics.TestNGAssert.openBrowser(TestNGAssert.java:21)
	at sun.reflect.NativeMethodAccessorImpl.invoke0(Native Method)
	at sun.reflect.NativeMethodAccessorImpl.invoke(NativeMethodAccessorImpl.java:62)
	at sun.reflect.DelegatingMethodAccessorImpl.invoke(DelegatingMethodAccessorImpl.java:43)
	at java.lang.reflect.Method.invoke(Method.java:498)
	at org.testng.internal.MethodInvocationHelper.invokeMethod(MethodInvocationHelper.java:133)
	at org.testng.internal.MethodInvocationHelper.invokeMethodConsideringTimeout(MethodInvocationHelper.java:62)
	at org.testng.internal.ConfigInvoker.invokeConfigurationMethod(ConfigInvoker.java:385)
	at org.testng.internal.ConfigInvoker.invokeConfigurations(ConfigInvoker.java:321)
	at org.testng.internal.TestInvoker.runConfigMethods(TestInvoker.java:700)
	at org.testng.internal.TestInvoker.invokeMethod(TestInvoker.java:527)
	at org.testng.internal.TestInvoker.invokeTestMethod(TestInvoker.java:173)
	at org.testng.internal.MethodRunner.runInSequence(MethodRunner.java:46)
	at org.testng.internal.TestInvoker$MethodInvocationAgent.invoke(TestInvoker.java:824)
	at org.testng.internal.TestInvoker.invokeTestMethods(TestInvoker.java:146)
	at org.testng.internal.TestMethodWorker.invokeTestMethods(TestMethodWorker.java:146)
	at org.testng.internal.TestMethodWorker.run(TestMethodWorker.java:128)
	at java.util.ArrayList.forEach(ArrayList.java:1259)
	at org.testng.TestRunner.privateRun(TestRunner.java:794)
	at org.testng.TestRunner.run(TestRunner.java:596)
	at org.testng.SuiteRunner.runTest(SuiteRunner.java:377)
	at org.testng.SuiteRunner.runSequentially(SuiteRunner.java:371)
	at org.testng.SuiteRunner.privateRun(SuiteRunner.java:332)
	at org.testng.SuiteRunner.run(SuiteRunner.java:276)
	at org.testng.SuiteRunnerWorker.runSuite(SuiteRunnerWorker.java:53)
	at org.testng.SuiteRunnerWorker.run(SuiteRunnerWorker.java:96)
	at org.testng.TestNG.runSuitesSequentially(TestNG.java:1212)
	at org.testng.TestNG.runSuitesLocally(TestNG.java:1134)
	at org.testng.TestNG.runSuites(TestNG.java:1063)
	at org.testng.TestNG.run(TestNG.java:1031)
	at org.testng.remote.AbstractRemoteTestNG.run(AbstractRemoteTestNG.java:115)
	at org.testng.remote.RemoteTestNG.initAndRun(RemoteTestNG.java:251)
	at org.testng.remote.RemoteTestNG.main(RemoteTestNG.java:77)
</pre></div></td>
<td>0</td>
<td>com.atipune.testngframe.basics.TestNGAssert@69b0fd6f</td></tr>
<tr>
<td title='com.atipune.testngframe.basics.Example_ofdependsmethos2.logout()'><b>logout</b><br>Test class: com.atipune.testngframe.basics.Example_ofdependsmethos2</td>
<td><div><pre>java.lang.Throwable: Method Example_ofdependsmethos2.logout()[pri:0, instance:com.atipune.testngframe.basics.Example_ofdependsmethos2@612fc6eb] depends on not successfully finished methods
	at java.util.ArrayList.forEach(ArrayList.java:1259)
... Removed 18 stack frames</pre></div><a href='#' onClick='toggleBox("stack-trace1741786839", this, "Click to show all stack frames", "Click to hide stack frames")'>Click to show all stack frames</a>
<div class='stack-trace' id='stack-trace1741786839'><pre>java.lang.Throwable: Method Example_ofdependsmethos2.logout()[pri:0, instance:com.atipune.testngframe.basics.Example_ofdependsmethos2@612fc6eb] depends on not successfully finished methods
	at org.testng.internal.TestInvoker.invokeTestMethods(TestInvoker.java:102)
	at org.testng.internal.TestMethodWorker.invokeTestMethods(TestMethodWorker.java:146)
	at org.testng.internal.TestMethodWorker.run(TestMethodWorker.java:128)
	at java.util.ArrayList.forEach(ArrayList.java:1259)
	at org.testng.TestRunner.privateRun(TestRunner.java:794)
	at org.testng.TestRunner.run(TestRunner.java:596)
	at org.testng.SuiteRunner.runTest(SuiteRunner.java:377)
	at org.testng.SuiteRunner.runSequentially(SuiteRunner.java:371)
	at org.testng.SuiteRunner.privateRun(SuiteRunner.java:332)
	at org.testng.SuiteRunner.run(SuiteRunner.java:276)
	at org.testng.SuiteRunnerWorker.runSuite(SuiteRunnerWorker.java:53)
	at org.testng.SuiteRunnerWorker.run(SuiteRunnerWorker.java:96)
	at org.testng.TestNG.runSuitesSequentially(TestNG.java:1212)
	at org.testng.TestNG.runSuitesLocally(TestNG.java:1134)
	at org.testng.TestNG.runSuites(TestNG.java:1063)
	at org.testng.TestNG.run(TestNG.java:1031)
	at org.testng.remote.AbstractRemoteTestNG.run(AbstractRemoteTestNG.java:115)
	at org.testng.remote.RemoteTestNG.initAndRun(RemoteTestNG.java:251)
	at org.testng.remote.RemoteTestNG.main(RemoteTestNG.java:77)
</pre></div></td>
<td>0</td>
<td>com.atipune.testngframe.basics.Example_ofdependsmethos2@612fc6eb</td></tr>
<tr>
<td title='com.atipune.testngframe.basics.TestNGAssert.verifyHomePageTitle()'><b>verifyHomePageTitle</b><br>Test class: com.atipune.testngframe.basics.TestNGAssert</td>
<td><div><pre>java.lang.IllegalStateException: The driver executable does not exist: D:\Sep_Mrng_2021_JavaAutomation\TestNGFramework\drivers\chromedriver.exe
	at com.google.common.base.Preconditions.checkState(Preconditions.java:585)
	at org.openqa.selenium.remote.service.DriverService.checkExecutable(DriverService.java:146)
	at org.openqa.selenium.remote.service.DriverService.findExecutable(DriverService.java:141)
	at org.openqa.selenium.chrome.ChromeDriverService.access$000(ChromeDriverService.java:35)
	at org.openqa.selenium.chrome.ChromeDriverService$Builder.findDefaultExecutable(ChromeDriverService.java:159)
	at org.openqa.selenium.remote.service.DriverService$Builder.build(DriverService.java:355)
	at org.openqa.selenium.chrome.ChromeDriverService.createDefaultService(ChromeDriverService.java:94)
	at org.openqa.selenium.chrome.ChromeDriver.&lt;init&gt;(ChromeDriver.java:123)
	at com.atipune.testngframe.basics.TestNGAssert.openBrowser(TestNGAssert.java:21)
	at java.util.ArrayList.forEach(ArrayList.java:1259)
... Removed 31 stack frames</pre></div><a href='#' onClick='toggleBox("stack-trace976827477", this, "Click to show all stack frames", "Click to hide stack frames")'>Click to show all stack frames</a>
<div class='stack-trace' id='stack-trace976827477'><pre>java.lang.IllegalStateException: The driver executable does not exist: D:\Sep_Mrng_2021_JavaAutomation\TestNGFramework\drivers\chromedriver.exe
	at com.google.common.base.Preconditions.checkState(Preconditions.java:585)
	at org.openqa.selenium.remote.service.DriverService.checkExecutable(DriverService.java:146)
	at org.openqa.selenium.remote.service.DriverService.findExecutable(DriverService.java:141)
	at org.openqa.selenium.chrome.ChromeDriverService.access$000(ChromeDriverService.java:35)
	at org.openqa.selenium.chrome.ChromeDriverService$Builder.findDefaultExecutable(ChromeDriverService.java:159)
	at org.openqa.selenium.remote.service.DriverService$Builder.build(DriverService.java:355)
	at org.openqa.selenium.chrome.ChromeDriverService.createDefaultService(ChromeDriverService.java:94)
	at org.openqa.selenium.chrome.ChromeDriver.&lt;init&gt;(ChromeDriver.java:123)
	at com.atipune.testngframe.basics.TestNGAssert.openBrowser(TestNGAssert.java:21)
	at sun.reflect.NativeMethodAccessorImpl.invoke0(Native Method)
	at sun.reflect.NativeMethodAccessorImpl.invoke(NativeMethodAccessorImpl.java:62)
	at sun.reflect.DelegatingMethodAccessorImpl.invoke(DelegatingMethodAccessorImpl.java:43)
	at java.lang.reflect.Method.invoke(Method.java:498)
	at org.testng.internal.MethodInvocationHelper.invokeMethod(MethodInvocationHelper.java:133)
	at org.testng.internal.MethodInvocationHelper.invokeMethodConsideringTimeout(MethodInvocationHelper.java:62)
	at org.testng.internal.ConfigInvoker.invokeConfigurationMethod(ConfigInvoker.java:385)
	at org.testng.internal.ConfigInvoker.invokeConfigurations(ConfigInvoker.java:321)
	at org.testng.internal.TestInvoker.runConfigMethods(TestInvoker.java:700)
	at org.testng.internal.TestInvoker.invokeMethod(TestInvoker.java:527)
	at org.testng.internal.TestInvoker.invokeTestMethod(TestInvoker.java:173)
	at org.testng.internal.MethodRunner.runInSequence(MethodRunner.java:46)
	at org.testng.internal.TestInvoker$MethodInvocationAgent.invoke(TestInvoker.java:824)
	at org.testng.internal.TestInvoker.invokeTestMethods(TestInvoker.java:146)
	at org.testng.internal.TestMethodWorker.invokeTestMethods(TestMethodWorker.java:146)
	at org.testng.internal.TestMethodWorker.run(TestMethodWorker.java:128)
	at java.util.ArrayList.forEach(ArrayList.java:1259)
	at org.testng.TestRunner.privateRun(TestRunner.java:794)
	at org.testng.TestRunner.run(TestRunner.java:596)
	at org.testng.SuiteRunner.runTest(SuiteRunner.java:377)
	at org.testng.SuiteRunner.runSequentially(SuiteRunner.java:371)
	at org.testng.SuiteRunner.privateRun(SuiteRunner.java:332)
	at org.testng.SuiteRunner.run(SuiteRunner.java:276)
	at org.testng.SuiteRunnerWorker.runSuite(SuiteRunnerWorker.java:53)
	at org.testng.SuiteRunnerWorker.run(SuiteRunnerWorker.java:96)
	at org.testng.TestNG.runSuitesSequentially(TestNG.java:1212)
	at org.testng.TestNG.runSuitesLocally(TestNG.java:1134)
	at org.testng.TestNG.runSuites(TestNG.java:1063)
	at org.testng.TestNG.run(TestNG.java:1031)
	at org.testng.remote.AbstractRemoteTestNG.run(AbstractRemoteTestNG.java:115)
	at org.testng.remote.RemoteTestNG.initAndRun(RemoteTestNG.java:251)
	at org.testng.remote.RemoteTestNG.main(RemoteTestNG.java:77)
</pre></div></td>
<td>0</td>
<td>com.atipune.testngframe.basics.TestNGAssert@69b0fd6f</td></tr>
<tr>
<td title='com.atipune.testngframe.basics.TestNGAssert.verifyNewArrivalsDisplayed()'><b>verifyNewArrivalsDisplayed</b><br>Test class: com.atipune.testngframe.basics.TestNGAssert</td>
<td><div><pre>java.lang.IllegalStateException: The driver executable does not exist: D:\Sep_Mrng_2021_JavaAutomation\TestNGFramework\drivers\chromedriver.exe
	at com.google.common.base.Preconditions.checkState(Preconditions.java:585)
	at org.openqa.selenium.remote.service.DriverService.checkExecutable(DriverService.java:146)
	at org.openqa.selenium.remote.service.DriverService.findExecutable(DriverService.java:141)
	at org.openqa.selenium.chrome.ChromeDriverService.access$000(ChromeDriverService.java:35)
	at org.openqa.selenium.chrome.ChromeDriverService$Builder.findDefaultExecutable(ChromeDriverService.java:159)
	at org.openqa.selenium.remote.service.DriverService$Builder.build(DriverService.java:355)
	at org.openqa.selenium.chrome.ChromeDriverService.createDefaultService(ChromeDriverService.java:94)
	at org.openqa.selenium.chrome.ChromeDriver.&lt;init&gt;(ChromeDriver.java:123)
	at com.atipune.testngframe.basics.TestNGAssert.openBrowser(TestNGAssert.java:21)
	at java.util.ArrayList.forEach(ArrayList.java:1259)
... Removed 31 stack frames</pre></div><a href='#' onClick='toggleBox("stack-trace980364771", this, "Click to show all stack frames", "Click to hide stack frames")'>Click to show all stack frames</a>
<div class='stack-trace' id='stack-trace980364771'><pre>java.lang.IllegalStateException: The driver executable does not exist: D:\Sep_Mrng_2021_JavaAutomation\TestNGFramework\drivers\chromedriver.exe
	at com.google.common.base.Preconditions.checkState(Preconditions.java:585)
	at org.openqa.selenium.remote.service.DriverService.checkExecutable(DriverService.java:146)
	at org.openqa.selenium.remote.service.DriverService.findExecutable(DriverService.java:141)
	at org.openqa.selenium.chrome.ChromeDriverService.access$000(ChromeDriverService.java:35)
	at org.openqa.selenium.chrome.ChromeDriverService$Builder.findDefaultExecutable(ChromeDriverService.java:159)
	at org.openqa.selenium.remote.service.DriverService$Builder.build(DriverService.java:355)
	at org.openqa.selenium.chrome.ChromeDriverService.createDefaultService(ChromeDriverService.java:94)
	at org.openqa.selenium.chrome.ChromeDriver.&lt;init&gt;(ChromeDriver.java:123)
	at com.atipune.testngframe.basics.TestNGAssert.openBrowser(TestNGAssert.java:21)
	at sun.reflect.NativeMethodAccessorImpl.invoke0(Native Method)
	at sun.reflect.NativeMethodAccessorImpl.invoke(NativeMethodAccessorImpl.java:62)
	at sun.reflect.DelegatingMethodAccessorImpl.invoke(DelegatingMethodAccessorImpl.java:43)
	at java.lang.reflect.Method.invoke(Method.java:498)
	at org.testng.internal.MethodInvocationHelper.invokeMethod(MethodInvocationHelper.java:133)
	at org.testng.internal.MethodInvocationHelper.invokeMethodConsideringTimeout(MethodInvocationHelper.java:62)
	at org.testng.internal.ConfigInvoker.invokeConfigurationMethod(ConfigInvoker.java:385)
	at org.testng.internal.ConfigInvoker.invokeConfigurations(ConfigInvoker.java:321)
	at org.testng.internal.TestInvoker.runConfigMethods(TestInvoker.java:700)
	at org.testng.internal.TestInvoker.invokeMethod(TestInvoker.java:527)
	at org.testng.internal.TestInvoker.invokeTestMethod(TestInvoker.java:173)
	at org.testng.internal.MethodRunner.runInSequence(MethodRunner.java:46)
	at org.testng.internal.TestInvoker$MethodInvocationAgent.invoke(TestInvoker.java:824)
	at org.testng.internal.TestInvoker.invokeTestMethods(TestInvoker.java:146)
	at org.testng.internal.TestMethodWorker.invokeTestMethods(TestMethodWorker.java:146)
	at org.testng.internal.TestMethodWorker.run(TestMethodWorker.java:128)
	at java.util.ArrayList.forEach(ArrayList.java:1259)
	at org.testng.TestRunner.privateRun(TestRunner.java:794)
	at org.testng.TestRunner.run(TestRunner.java:596)
	at org.testng.SuiteRunner.runTest(SuiteRunner.java:377)
	at org.testng.SuiteRunner.runSequentially(SuiteRunner.java:371)
	at org.testng.SuiteRunner.privateRun(SuiteRunner.java:332)
	at org.testng.SuiteRunner.run(SuiteRunner.java:276)
	at org.testng.SuiteRunnerWorker.runSuite(SuiteRunnerWorker.java:53)
	at org.testng.SuiteRunnerWorker.run(SuiteRunnerWorker.java:96)
	at org.testng.TestNG.runSuitesSequentially(TestNG.java:1212)
	at org.testng.TestNG.runSuitesLocally(TestNG.java:1134)
	at org.testng.TestNG.runSuites(TestNG.java:1063)
	at org.testng.TestNG.run(TestNG.java:1031)
	at org.testng.remote.AbstractRemoteTestNG.run(AbstractRemoteTestNG.java:115)
	at org.testng.remote.RemoteTestNG.initAndRun(RemoteTestNG.java:251)
	at org.testng.remote.RemoteTestNG.main(RemoteTestNG.java:77)
</pre></div></td>
<td>0</td>
<td>com.atipune.testngframe.basics.TestNGAssert@69b0fd6f</td></tr>
</table><p>
</body>
</html>