<?xml version="1.0" encoding="UTF-8"?>
<!-- Generated by org.testng.reporters.JUnitXMLReporter -->
<testsuite hostname="LAPTOP-BTBHOBIS" ignored="3" name="TestPackage" tests="84" failures="8" timestamp="2021-12-04T07:47:40 IST" time="27.343" errors="0">
  <testcase name="@BeforeMethod openBrowser" time="0.005" classname="com.atipune.testngframe.basics.TestNGAssert">
    <failure type="java.lang.IllegalStateException" message="The driver executable does not exist: D:\Sep_Mrng_2021_JavaAutomation\TestNGFramework\drivers\chromedriver.exe">
      <![CDATA[java.lang.IllegalStateException: The driver executable does not exist: D:\Sep_Mrng_2021_JavaAutomation\TestNGFramework\drivers\chromedriver.exe
at com.google.common.base.Preconditions.checkState(Preconditions.java:585)
at org.openqa.selenium.remote.service.DriverService.checkExecutable(DriverService.java:146)
at org.openqa.selenium.remote.service.DriverService.findExecutable(DriverService.java:141)
at org.openqa.selenium.chrome.ChromeDriverService.access$000(ChromeDriverService.java:35)
at org.openqa.selenium.chrome.ChromeDriverService$Builder.findDefaultExecutable(ChromeDriverService.java:159)
at org.openqa.selenium.remote.service.DriverService$Builder.build(DriverService.java:355)
at org.openqa.selenium.chrome.ChromeDriverService.createDefaultService(ChromeDriverService.java:94)
at org.openqa.selenium.chrome.ChromeDriver.<init>(ChromeDriver.java:123)
at com.atipune.testngframe.basics.TestNGAssert.openBrowser(TestNGAssert.java:21)
at java.util.ArrayList.forEach(ArrayList.java:1259)
... Removed 31 stack frames]]>
    </failure>
  </testcase> <!-- @BeforeMethod openBrowser -->
  <testcase name="@AfterMethod closeBrowser" time="-1.638584260857E9" classname="com.atipune.testngframe.basics.TestNGAssert">
    <skipped/>
  </testcase> <!-- @AfterMethod closeBrowser -->
  <testcase name="@BeforeMethod openBrowser" time="-1.638584260858E9" classname="com.atipune.testngframe.basics.TestNGAssert">
    <skipped/>
  </testcase> <!-- @BeforeMethod openBrowser -->
  <testcase name="@AfterMethod closeBrowser" time="-1.63858426086E9" classname="com.atipune.testngframe.basics.TestNGAssert">
    <skipped/>
  </testcase> <!-- @AfterMethod closeBrowser -->
  <testcase name="@BeforeMethod openBrowser" time="-1.63858426086E9" classname="com.atipune.testngframe.basics.TestNGAssert">
    <skipped/>
  </testcase> <!-- @BeforeMethod openBrowser -->
  <testcase name="@AfterMethod closeBrowser" time="-1.638584260862E9" classname="com.atipune.testngframe.basics.TestNGAssert">
    <skipped/>
  </testcase> <!-- @AfterMethod closeBrowser -->
  <testcase name="verifyUserid" time="0.004" classname="com.atipune.testngframe.basics.Annotation"/>
  <testcase name="verifypn" time="0.001" classname="com.atipune.testngframe.basics.Annotation"/>
  <testcase name="verifyps" time="0.001" classname="com.atipune.testngframe.basics.Annotation1"/>
  <testcase name="verifyuserid" time="0.001" classname="com.atipune.testngframe.basics.Annotation1"/>
  <testcase name="tc10" time="0.001" classname="com.atipune.testngframe.basics.AnnotationExample"/>
  <testcase name="verifyhomepage" time="0.002" classname="com.atipune.testngframe.basics.Assert_Test">
    <failure type="java.lang.AssertionError" message="expected [hiii] but found [hello]">
      <![CDATA[java.lang.AssertionError: expected [hiii] but found [hello]
at com.atipune.testngframe.basics.Assert_Test.verifyhomepage(Assert_Test.java:34)
at java.util.ArrayList.forEach(ArrayList.java:1259)
... Removed 33 stack frames]]>
    </failure>
  </testcase> <!-- verifyhomepage -->
  <testcase name="testcase" time="0.001" classname="com.atipune.testngframe.basics.assert_trueexample">
    <failure type="java.lang.AssertionError" message="actual result is false expected [false] but found [true]">
      <![CDATA[java.lang.AssertionError: actual result is false expected [false] but found [true]
at com.atipune.testngframe.basics.assert_trueexample.testcase(assert_trueexample.java:14)
at java.util.ArrayList.forEach(ArrayList.java:1259)
... Removed 30 stack frames]]>
    </failure>
  </testcase> <!-- testcase -->
  <testcase name="testcase1" time="0.002" classname="com.atipune.testngframe.basics.assert_trueexample">
    <failure type="java.lang.AssertionError" message="actual result is false expected [false] but found [true]">
      <![CDATA[java.lang.AssertionError: actual result is false expected [false] but found [true]
at com.atipune.testngframe.basics.assert_trueexample.testcase1(assert_trueexample.java:22)
at java.util.ArrayList.forEach(ArrayList.java:1259)
... Removed 30 stack frames]]>
    </failure>
  </testcase> <!-- testcase1 -->
  <testcase name="tes2" time="0.001" classname="com.atipune.testngframe.basics.Demo1"/>
  <testcase name="test" time="0.0" classname="com.atipune.testngframe.basics.Demo1"/>
  <testcase name="test3" time="0.001" classname="com.atipune.testngframe.basics.Demo1"/>
  <testcase name="test4" time="0.006" classname="com.atipune.testngframe.basics.Demo2"/>
  <testcase name="test4" time="0.006" classname="com.atipune.testngframe.basics.Demo2"/>
  <testcase name="test5" time="0.002" classname="com.atipune.testngframe.basics.Demo2"/>
  <testcase name="test6" time="0.001" classname="com.atipune.testngframe.basics.Demo2"/>
  <testcase name="TC1" time="0.002" classname="com.atipune.testngframe.basics.Disable_TCExcution_FromClassFromExcludeSuite">
    <failure type="java.lang.AssertionError" message="null">
      <![CDATA[java.lang.AssertionError: null
at com.atipune.testngframe.basics.Disable_TCExcution_FromClassFromExcludeSuite.TC1(Disable_TCExcution_FromClassFromExcludeSuite.java:13)
at java.util.ArrayList.forEach(ArrayList.java:1259)
... Removed 29 stack frames]]>
    </failure>
  </testcase> <!-- TC1 -->
  <testcase name="TC2" time="0.001" classname="com.atipune.testngframe.basics.Disable_TCExcution_FromClassFromExcludeSuite"/>
  <testcase name="TC3" time="0.0" classname="com.atipune.testngframe.basics.Disable_TCExcution_FromClassFromExcludeSuite"/>
  <testcase name="TC4" time="0.001" classname="com.atipune.testngframe.basics.Disable_TCExcution_FromClassFromExcludeSuite"/>
  <testcase name="TC1" time="0.001" classname="com.atipune.testngframe.basics.Disable_TCExcution_FromClassFromSuite"/>
  <testcase name="TC2" time="0.001" classname="com.atipune.testngframe.basics.Disable_TCExcution_FromClassFromSuite"/>
  <testcase name="TC3" time="0.001" classname="com.atipune.testngframe.basics.Disable_TCExcution_FromClassFromSuite">
    <failure type="java.lang.AssertionError" message="null">
      <![CDATA[java.lang.AssertionError: null
at com.atipune.testngframe.basics.Disable_TCExcution_FromClassFromSuite.TC3(Disable_TCExcution_FromClassFromSuite.java:24)
at java.util.ArrayList.forEach(ArrayList.java:1259)
... Removed 29 stack frames]]>
    </failure>
  </testcase> <!-- TC3 -->
  <testcase name="TC4" time="0.001" classname="com.atipune.testngframe.basics.Disable_TCExcution_FromClassFromSuite"/>
  <testcase name="m1" time="0.002" classname="com.atipune.testngframe.basics.Example1include">
    <failure type="java.lang.AssertionError">
      <![CDATA[java.lang.AssertionError
at org.junit.Assert.fail(Assert.java:86)
at org.junit.Assert.fail(Assert.java:95)
at com.atipune.testngframe.basics.Example1include.m1(Example1include.java:14)
at java.util.ArrayList.forEach(ArrayList.java:1259)
... Removed 27 stack frames]]>
    </failure>
  </testcase> <!-- m1 -->
  <testcase name="m2" time="0.001" classname="com.atipune.testngframe.basics.Example1include"/>
  <testcase name="m3" time="0.001" classname="com.atipune.testngframe.basics.Example1include"/>
  <testcase name="Testmethod1" time="0.001" classname="com.atipune.testngframe.basics.Example1suite"/>
  <testcase name="Testmethod2" time="0.0" classname="com.atipune.testngframe.basics.Example1suite"/>
  <testcase name="Testmethod3" time="0.001" classname="com.atipune.testngframe.basics.Example1suite"/>
  <testcase name="Testmethod4" time="0.001" classname="com.atipune.testngframe.basics.Example1suite"/>
  <testcase name="tes2" time="0.0" classname="com.atipune.testngframe.basics.example1_attributes$Demo1"/>
  <testcase name="test" time="0.001" classname="com.atipune.testngframe.basics.example1_attributes$Demo1"/>
  <testcase name="test3" time="0.001" classname="com.atipune.testngframe.basics.example1_attributes$Demo1"/>
  <testcase name="Tc1" time="0.003" classname="com.atipune.testngframe.basics.Example1_verification"/>
  <testcase name="Tc2" time="0.003" classname="com.atipune.testngframe.basics.Example1_verification"/>
  <testcase name="Testmethod5" time="0.001" classname="com.atipune.testngframe.basics.Example2_suite"/>
  <testcase name="Testmethod6" time="0.002" classname="com.atipune.testngframe.basics.Example2_suite"/>
  <testcase name="Testmethod7" time="0.0" classname="com.atipune.testngframe.basics.Example2_suite"/>
  <testcase name="Testmethod8" time="0.0" classname="com.atipune.testngframe.basics.Example2_suite"/>
  <testcase name="tc1" time="0.0" classname="com.atipune.testngframe.basics.Example3_keyword_enabled"/>
  <testcase name="tc2" time="0.0" classname="com.atipune.testngframe.basics.Example3_keyword_enabled"/>
  <testcase name="login" time="0.001" classname="com.atipune.testngframe.basics.example_dependonmethod"/>
  <testcase name="logout" time="0.001" classname="com.atipune.testngframe.basics.example_dependonmethod"/>
  <testcase name="testcase1" time="0.001" classname="com.atipune.testngframe.basics.Example_invocationcount1"/>
  <testcase name="testcase1" time="0.001" classname="com.atipune.testngframe.basics.Example_invocationcount1"/>
  <testcase name="testcase1" time="0.001" classname="com.atipune.testngframe.basics.Example_invocationcount1"/>
  <testcase name="TC1" time="0.001" classname="com.atipune.testngframe.basics.Example_keyword_invocationcount"/>
  <testcase name="TC1" time="0.002" classname="com.atipune.testngframe.basics.Example_keyword_invocationcount"/>
  <testcase name="TC1" time="0.001" classname="com.atipune.testngframe.basics.Example_keyword_invocationcount"/>
  <testcase name="TC1" time="0.001" classname="com.atipune.testngframe.basics.Example_keyword_invocationcount"/>
  <testcase name="TC1" time="0.0" classname="com.atipune.testngframe.basics.Example_keyword_invocationcount"/>
  <testcase name="testcase4" time="0.001" classname="com.atipune.testngframe.basics.Example_keyword_priority"/>
  <testcase name="testcase3" time="0.001" classname="com.atipune.testngframe.basics.Example_keyword_priority"/>
  <testcase name="testcase2" time="0.001" classname="com.atipune.testngframe.basics.Example_keyword_priority"/>
  <testcase name="testcase1" time="0.0" classname="com.atipune.testngframe.basics.Example_keyword_priority"/>
  <testcase name="testcse" time="3.003" classname="com.atipune.testngframe.basics.Example_keyword_timeout"/>
  <testcase name="login" time="0.001" classname="com.atipune.testngframe.basics.Example_ofdependsmethos2">
    <failure type="java.lang.AssertionError">
      <![CDATA[java.lang.AssertionError
at org.junit.Assert.fail(Assert.java:86)
at org.junit.Assert.fail(Assert.java:95)
at com.atipune.testngframe.basics.Example_ofdependsmethos2.login(Example_ofdependsmethos2.java:15)
at java.util.ArrayList.forEach(ArrayList.java:1259)
... Removed 27 stack frames]]>
    </failure>
  </testcase> <!-- login -->
  <testcase name="logout" time="0.0" classname="com.atipune.testngframe.basics.Example_ofdependsmethos2">
    <skipped/>
  </testcase> <!-- logout -->
  <testcase name="test" time="0.0" classname="com.atipune.testngframe.basics.Example_ofEnabled"/>
  <testcase name="test3" time="0.0" classname="com.atipune.testngframe.basics.Example_ofEnabled"/>
  <testcase name="testab4" time="0.0" classname="com.atipune.testngframe.basics.Example_ofPriority"/>
  <testcase name="testcase2" time="0.0" classname="com.atipune.testngframe.basics.Example_ofPriority"/>
  <testcase name="testcase3" time="0.0" classname="com.atipune.testngframe.basics.Example_ofPriority"/>
  <testcase name="testcase1" time="0.0" classname="com.atipune.testngframe.basics.Example_ofPriority"/>
  <testcase name="TC1" time="0.0" classname="com.atipune.testngframe.basics.Failedtestcase">
    <failure type="java.lang.AssertionError" message="null">
      <![CDATA[java.lang.AssertionError: null
at com.atipune.testngframe.basics.Failedtestcase.TC1(Failedtestcase.java:16)
at java.util.ArrayList.forEach(ArrayList.java:1259)
... Removed 29 stack frames]]>
    </failure>
  </testcase> <!-- TC1 -->
  <testcase name="TC2" time="0.0" classname="com.atipune.testngframe.basics.Failedtestcase"/>
  <testcase name="TC3" time="0.0" classname="com.atipune.testngframe.basics.Failedtestcase"/>
  <testcase name="TC4" time="0.0" classname="com.atipune.testngframe.basics.Failedtestcase"/>
  <testcase name="TC5" time="0.0" classname="com.atipune.testngframe.basics.Failedtestcase"/>
  <testcase name="TC6" time="0.0" classname="com.atipune.testngframe.basics.Failedtestcase"/>
  <testcase name="TC7" time="0.0" classname="com.atipune.testngframe.basics.Failedtestcase"/>
  <testcase name="tc" time="0.0" classname="com.atipune.testngframe.basics.Grouping_testng"/>
  <testcase name="tc2" time="0.0" classname="com.atipune.testngframe.basics.Grouping_testng"/>
  <testcase name="tc3" time="0.0" classname="com.atipune.testngframe.basics.Grouping_testng"/>
  <testcase name="m1" time="7.319" classname="com.atipune.testngframe.basics.Parellel_Execution"/>
  <testcase name="m6" time="3.955" classname="com.atipune.testngframe.basics.Parellel_Execution2"/>
  <testcase name="m6" time="8.584" classname="com.atipune.testngframe.basics.Parellel_Execution3"/>
  <testcase name="tc" time="0.001" classname="com.atipune.testngframe.basics.TC1"/>
  <testcase name="tc1" time="0.001" classname="com.atipune.testngframe.basics.TC1"/>
  <testcase name="Testmethod1" time="0.0" classname="com.atipune.testngframe.basics.Testbasic"/>
  <testcase name="Testmethod2" time="0.0" classname="com.atipune.testngframe.basics.Testbasic"/>
  <testcase name="verifyFirstBookTitle" time="0.0" classname="com.atipune.testngframe.basics.TestNGAssert">
    <skipped/>
  </testcase> <!-- verifyFirstBookTitle -->
  <testcase name="verifyHomePageTitle" time="0.0" classname="com.atipune.testngframe.basics.TestNGAssert">
    <skipped/>
  </testcase> <!-- verifyHomePageTitle -->
  <testcase name="verifyNewArrivalsDisplayed" time="0.0" classname="com.atipune.testngframe.basics.TestNGAssert">
    <skipped/>
  </testcase> <!-- verifyNewArrivalsDisplayed -->
  <testcase name="tc3" time="0.0" classname="com.atipune.testngframe.basics.Example3_keyword_enabled">
    <ignored/>
  </testcase> <!-- tc3 -->
  <testcase name="test2" time="0.0" classname="com.atipune.testngframe.basics.Example_ofEnabled">
    <ignored/>
  </testcase> <!-- test2 -->
  <testcase name="test4" time="0.0" classname="com.atipune.testngframe.basics.Example_ofEnabled">
    <ignored/>
  </testcase> <!-- test4 -->
</testsuite> <!-- TestPackage -->
