<?xml version="1.0" encoding="UTF-8"?>
<testng-results skipped="0" failed="1" ignored="0" total="3" passed="2">
  <reporter-output>
  </reporter-output>
  <suite name="Default suite" duration-ms="8641" started-at="2021-12-17T21:25:55 IST" finished-at="2021-12-17T21:26:04 IST">
    <groups>
    </groups>
    <test name="Default test" duration-ms="8641" started-at="2021-12-17T21:25:55 IST" finished-at="2021-12-17T21:26:04 IST">
      <class name="TestCases.ExtentRepoter">
        <test-method status="PASS" signature="setupExtentEnv()[pri:0, instance:TestCases.ExtentRepoter@1a1d6a08]" name="setupExtentEnv" is-config="true" duration-ms="115" started-at="2021-12-17T21:25:55 IST" finished-at="2021-12-17T21:25:55 IST">
          <reporter-output>
          </reporter-output>
        </test-method> <!-- setupExtentEnv -->
        <test-method status="PASS" signature="openBrowser()[pri:0, instance:TestCases.ExtentRepoter@1a1d6a08]" name="openBrowser" is-config="true" duration-ms="7175" started-at="2021-12-17T21:25:55 IST" finished-at="2021-12-17T21:26:03 IST">
          <reporter-output>
          </reporter-output>
        </test-method> <!-- openBrowser -->
        <test-method status="PASS" signature="register(java.lang.reflect.Method)[pri:0, instance:TestCases.ExtentRepoter@1a1d6a08]" name="register" is-config="true" duration-ms="5" started-at="2021-12-17T21:26:03 IST" finished-at="2021-12-17T21:26:03 IST">
          <params>
            <param index="0">
              <value>
                <![CDATA[public void TestCases.ExtentRepoter.verifyLogIn()]]>
              </value>
            </param>
          </params>
          <reporter-output>
          </reporter-output>
        </test-method> <!-- register -->
        <test-method status="PASS" signature="verifyLogIn()[pri:0, instance:TestCases.ExtentRepoter@1a1d6a08]" name="verifyLogIn" duration-ms="28" started-at="2021-12-17T21:26:03 IST" finished-at="2021-12-17T21:26:03 IST">
          <reporter-output>
          </reporter-output>
        </test-method> <!-- verifyLogIn -->
        <test-method status="PASS" signature="tearDown(org.testng.ITestResult)[pri:0, instance:TestCases.ExtentRepoter@1a1d6a08]" name="tearDown" is-config="true" duration-ms="16" started-at="2021-12-17T21:26:03 IST" finished-at="2021-12-17T21:26:03 IST">
          <params>
            <param index="0">
              <value>
                <![CDATA[[TestResult name=verifyLogIn status=SUCCESS method=ExtentRepoter.verifyLogIn()[pri:0, instance:TestCases.ExtentRepoter@1a1d6a08] output={null}]]]>
              </value>
            </param>
          </params>
          <reporter-output>
          </reporter-output>
        </test-method> <!-- tearDown -->
        <test-method status="PASS" signature="register(java.lang.reflect.Method)[pri:0, instance:TestCases.ExtentRepoter@1a1d6a08]" name="register" is-config="true" duration-ms="0" started-at="2021-12-17T21:26:03 IST" finished-at="2021-12-17T21:26:03 IST">
          <params>
            <param index="0">
              <value>
                <![CDATA[public void TestCases.ExtentRepoter.verifyFacebookImgDisplayed()]]>
              </value>
            </param>
          </params>
          <reporter-output>
          </reporter-output>
        </test-method> <!-- register -->
        <test-method status="PASS" signature="verifyFacebookImgDisplayed()[pri:1, instance:TestCases.ExtentRepoter@1a1d6a08]" name="verifyFacebookImgDisplayed" duration-ms="59" started-at="2021-12-17T21:26:03 IST" finished-at="2021-12-17T21:26:03 IST">
          <reporter-output>
          </reporter-output>
        </test-method> <!-- verifyFacebookImgDisplayed -->
        <test-method status="PASS" signature="tearDown(org.testng.ITestResult)[pri:0, instance:TestCases.ExtentRepoter@1a1d6a08]" name="tearDown" is-config="true" duration-ms="0" started-at="2021-12-17T21:26:03 IST" finished-at="2021-12-17T21:26:03 IST">
          <params>
            <param index="0">
              <value>
                <![CDATA[[TestResult name=verifyFacebookImgDisplayed status=SUCCESS method=ExtentRepoter.verifyFacebookImgDisplayed()[pri:1, instance:TestCases.ExtentRepoter@1a1d6a08] output={null}]]]>
              </value>
            </param>
          </params>
          <reporter-output>
          </reporter-output>
        </test-method> <!-- tearDown -->
        <test-method status="FAIL" signature="verifyHomePageTitle()[pri:2, instance:TestCases.ExtentRepoter@1a1d6a08]" name="verifyHomePageTitle" duration-ms="8" started-at="2021-12-17T21:26:03 IST" finished-at="2021-12-17T21:26:03 IST">
          <exception class="java.lang.AssertionError">
            <message>
              <![CDATA[expected [Facebolog in or sign up] but found [Facebook – log in or sign up]]]>
            </message>
            <full-stacktrace>
              <![CDATA[java.lang.AssertionError: expected [Facebolog in or sign up] but found [Facebook – log in or sign up]
at org.testng.Assert.fail(Assert.java:99)
at org.testng.Assert.failNotEquals(Assert.java:1037)
at org.testng.Assert.assertEqualsImpl(Assert.java:140)
at org.testng.Assert.assertEquals(Assert.java:122)
at org.testng.Assert.assertEquals(Assert.java:629)
at org.testng.Assert.assertEquals(Assert.java:639)
at TestCases.ExtentRepoter.verifyHomePageTitle(ExtentRepoter.java:67)
at sun.reflect.NativeMethodAccessorImpl.invoke0(Native Method)
at sun.reflect.NativeMethodAccessorImpl.invoke(NativeMethodAccessorImpl.java:62)
at sun.reflect.DelegatingMethodAccessorImpl.invoke(DelegatingMethodAccessorImpl.java:43)
at java.lang.reflect.Method.invoke(Method.java:498)
at org.testng.internal.MethodInvocationHelper.invokeMethod(MethodInvocationHelper.java:133)
at org.testng.internal.TestInvoker.invokeMethod(TestInvoker.java:598)
at org.testng.internal.TestInvoker.invokeTestMethod(TestInvoker.java:173)
at org.testng.internal.MethodRunner.runInSequence(MethodRunner.java:46)
at org.testng.internal.TestInvoker$MethodInvocationAgent.invoke(TestInvoker.java:824)
at org.testng.internal.TestInvoker.invokeTestMethods(TestInvoker.java:146)
at org.testng.internal.TestMethodWorker.invokeTestMethods(TestMethodWorker.java:146)
at org.testng.internal.TestMethodWorker.run(TestMethodWorker.java:128)
at java.util.ArrayList.forEach(ArrayList.java:1259)
at org.testng.TestRunner.privateRun(TestRunner.java:794)
at org.testng.TestRunner.run(TestRunner.java:596)
at org.testng.SuiteRunner.runTest(SuiteRunner.java:377)
at org.testng.SuiteRunner.runSequentially(SuiteRunner.java:371)
at org.testng.SuiteRunner.privateRun(SuiteRunner.java:332)
at org.testng.SuiteRunner.run(SuiteRunner.java:276)
at org.testng.SuiteRunnerWorker.runSuite(SuiteRunnerWorker.java:53)
at org.testng.SuiteRunnerWorker.run(SuiteRunnerWorker.java:96)
at org.testng.TestNG.runSuitesSequentially(TestNG.java:1212)
at org.testng.TestNG.runSuitesLocally(TestNG.java:1134)
at org.testng.TestNG.runSuites(TestNG.java:1063)
at org.testng.TestNG.run(TestNG.java:1031)
at org.testng.remote.AbstractRemoteTestNG.run(AbstractRemoteTestNG.java:115)
at org.testng.remote.RemoteTestNG.initAndRun(RemoteTestNG.java:251)
at org.testng.remote.RemoteTestNG.main(RemoteTestNG.java:77)
]]>
            </full-stacktrace>
          </exception> <!-- java.lang.AssertionError -->
          <reporter-output>
          </reporter-output>
        </test-method> <!-- verifyHomePageTitle -->
        <test-method status="PASS" signature="register(java.lang.reflect.Method)[pri:0, instance:TestCases.ExtentRepoter@1a1d6a08]" name="register" is-config="true" duration-ms="0" started-at="2021-12-17T21:26:03 IST" finished-at="2021-12-17T21:26:03 IST">
          <params>
            <param index="0">
              <value>
                <![CDATA[public void TestCases.ExtentRepoter.verifyHomePageTitle() throws java.io.IOException]]>
              </value>
            </param>
          </params>
          <reporter-output>
          </reporter-output>
        </test-method> <!-- register -->
        <test-method status="PASS" signature="tearDown(org.testng.ITestResult)[pri:0, instance:TestCases.ExtentRepoter@1a1d6a08]" name="tearDown" is-config="true" duration-ms="173" started-at="2021-12-17T21:26:03 IST" finished-at="2021-12-17T21:26:03 IST">
          <params>
            <param index="0">
              <value>
                <![CDATA[[TestResult name=verifyHomePageTitle status=FAILURE method=ExtentRepoter.verifyHomePageTitle()[pri:2, instance:TestCases.ExtentRepoter@1a1d6a08] output={null}]]]>
              </value>
            </param>
          </params>
          <reporter-output>
          </reporter-output>
        </test-method> <!-- tearDown -->
        <test-method status="PASS" signature="browserTeardown()[pri:0, instance:TestCases.ExtentRepoter@1a1d6a08]" name="browserTeardown" is-config="true" duration-ms="816" started-at="2021-12-17T21:26:03 IST" finished-at="2021-12-17T21:26:04 IST">
          <reporter-output>
          </reporter-output>
        </test-method> <!-- browserTeardown -->
        <test-method status="PASS" signature="cleanup()[pri:0, instance:TestCases.ExtentRepoter@1a1d6a08]" name="cleanup" is-config="true" duration-ms="216" started-at="2021-12-17T21:26:04 IST" finished-at="2021-12-17T21:26:04 IST">
          <reporter-output>
          </reporter-output>
        </test-method> <!-- cleanup -->
      </class> <!-- TestCases.ExtentRepoter -->
    </test> <!-- Default test -->
  </suite> <!-- Default suite -->
</testng-results>
