<?xml version="1.0" encoding="UTF-8"?>
<!-- Generated by org.testng.reporters.JUnitReportReporter -->
<testsuite skipped="12" hostname="LAPTOP-BTBHOBIS" name="TestCases.Testcase2" tests="13" failures="0" timestamp="2021-12-08T01:39:40 IST" time="0.046" errors="1">
  <testcase name="openBrowser" time="0.046" classname="TestCases.Testcase2">
    <error type="java.lang.IllegalStateException" message="The driver executable does not exist: C:\Users\chand\eclipse-workspace\Automation FIles\Drivers\chromedriver.exe">
      <![CDATA[java.lang.IllegalStateException: The driver executable does not exist: C:\Users\chand\eclipse-workspace\Automation FIles\Drivers\chromedriver.exe
at com.google.common.base.Preconditions.checkState(Preconditions.java:585)
at org.openqa.selenium.remote.service.DriverService.checkExecutable(DriverService.java:146)
at org.openqa.selenium.remote.service.DriverService.findExecutable(DriverService.java:141)
at org.openqa.selenium.chrome.ChromeDriverService.access$000(ChromeDriverService.java:35)
at org.openqa.selenium.chrome.ChromeDriverService$Builder.findDefaultExecutable(ChromeDriverService.java:159)
at org.openqa.selenium.remote.service.DriverService$Builder.build(DriverService.java:355)
at org.openqa.selenium.chrome.ChromeDriverService.createDefaultService(ChromeDriverService.java:94)
at org.openqa.selenium.chrome.ChromeDriver.<init>(ChromeDriver.java:123)
at TestCases.Testcase2.openBrowser(Testcase2.java:18)
at sun.reflect.NativeMethodAccessorImpl.invoke0(Native Method)
at sun.reflect.NativeMethodAccessorImpl.invoke(NativeMethodAccessorImpl.java:62)
at sun.reflect.DelegatingMethodAccessorImpl.invoke(DelegatingMethodAccessorImpl.java:43)
at java.lang.reflect.Method.invoke(Method.java:498)
at org.testng.internal.MethodInvocationHelper.invokeMethod(MethodInvocationHelper.java:133)
at org.testng.internal.MethodInvocationHelper.invokeMethodConsideringTimeout(MethodInvocationHelper.java:62)
at org.testng.internal.ConfigInvoker.invokeConfigurationMethod(ConfigInvoker.java:385)
at org.testng.internal.ConfigInvoker.invokeConfigurations(ConfigInvoker.java:321)
at org.testng.internal.TestInvoker.runConfigMethods(TestInvoker.java:700)
at org.testng.internal.TestInvoker.invokeMethod(TestInvoker.java:527)
at org.testng.internal.TestInvoker.invokeTestMethod(TestInvoker.java:173)
at org.testng.internal.MethodRunner.runInSequence(MethodRunner.java:46)
at org.testng.internal.TestInvoker$MethodInvocationAgent.invoke(TestInvoker.java:824)
at org.testng.internal.TestInvoker.invokeTestMethods(TestInvoker.java:146)
at org.testng.internal.TestMethodWorker.invokeTestMethods(TestMethodWorker.java:146)
at org.testng.internal.TestMethodWorker.run(TestMethodWorker.java:128)
at java.util.ArrayList.forEach(ArrayList.java:1259)
at org.testng.TestRunner.privateRun(TestRunner.java:794)
at org.testng.TestRunner.run(TestRunner.java:596)
at org.testng.SuiteRunner.runTest(SuiteRunner.java:377)
at org.testng.SuiteRunner.runSequentially(SuiteRunner.java:371)
at org.testng.SuiteRunner.privateRun(SuiteRunner.java:332)
at org.testng.SuiteRunner.run(SuiteRunner.java:276)
at org.testng.SuiteRunnerWorker.runSuite(SuiteRunnerWorker.java:53)
at org.testng.SuiteRunnerWorker.run(SuiteRunnerWorker.java:96)
at org.testng.TestNG.runSuitesSequentially(TestNG.java:1212)
at org.testng.TestNG.runSuitesLocally(TestNG.java:1134)
at org.testng.TestNG.runSuites(TestNG.java:1063)
at org.testng.TestNG.run(TestNG.java:1031)
at org.testng.remote.AbstractRemoteTestNG.run(AbstractRemoteTestNG.java:115)
at org.testng.remote.RemoteTestNG.initAndRun(RemoteTestNG.java:251)
at org.testng.remote.RemoteTestNG.main(RemoteTestNG.java:77)
]]>
    </error>
  </testcase> <!-- openBrowser -->
  <system-out/>
  <testcase name="homePageImage1_Navigable" time="0.000" classname="TestCases.Testcase2">
    <skipped/>
  </testcase> <!-- homePageImage1_Navigable -->
  <system-out/>
  <testcase name="homePageImage2_Navigable" time="0.000" classname="TestCases.Testcase2">
    <skipped/>
  </testcase> <!-- homePageImage2_Navigable -->
  <system-out/>
  <testcase name="homePageImage3_Navigable" time="0.000" classname="TestCases.Testcase2">
    <skipped/>
  </testcase> <!-- homePageImage3_Navigable -->
  <system-out/>
  <testcase name="homePageImage1_Description" time="0.000" classname="TestCases.Testcase2">
    <skipped/>
  </testcase> <!-- homePageImage1_Description -->
  <system-out/>
  <testcase name="homePageImage2_Description" time="0.000" classname="TestCases.Testcase2">
    <skipped/>
  </testcase> <!-- homePageImage2_Description -->
  <system-out/>
  <testcase name="homePageImage3_Description" time="0.000" classname="TestCases.Testcase2">
    <skipped/>
  </testcase> <!-- homePageImage3_Description -->
  <system-out/>
  <testcase name="homePageImage1_Review" time="0.000" classname="TestCases.Testcase2">
    <skipped/>
  </testcase> <!-- homePageImage1_Review -->
  <system-out/>
  <testcase name="homePageImage2_Review" time="0.000" classname="TestCases.Testcase2">
    <skipped/>
  </testcase> <!-- homePageImage2_Review -->
  <system-out/>
  <testcase name="homePageImage3_Review" time="0.000" classname="TestCases.Testcase2">
    <skipped/>
  </testcase> <!-- homePageImage3_Review -->
  <system-out/>
  <testcase name="verifyHomePageTitle" time="0.000" classname="TestCases.Testcase2">
    <skipped/>
  </testcase> <!-- verifyHomePageTitle -->
  <system-out/>
  <testcase name="verifyFirstBookTitle" time="0.000" classname="TestCases.Testcase2">
    <skipped/>
  </testcase> <!-- verifyFirstBookTitle -->
  <system-out/>
  <testcase name="isPageWithThreeArivals" classname="TestCases.Testcase2">
    <skipped/>
  </testcase> <!-- isPageWithThreeArivals -->
  <system-out/>
</testsuite> <!-- TestCases.Testcase2 -->
